<?xml version="1.0" encoding="UTF-8" standalone="no"?>
<!DOCTYPE log SYSTEM "logger.dtd">
<log>
<record>
  <date>2024-03-07T05:00:49.791160Z</date>
  <millis>1709787649791</millis>
  <nanos>160000</nanos>
  <sequence>2</sequence>
  <logger>javax.xml.bind</logger>
  <level>FINE</level>
  <class>javax.xml.bind.ContextFinder</class>
  <method>find</method>
  <thread>1</thread>
  <message>Searching jaxb.properties</message>
</record>
<record>
  <date>2024-03-07T05:00:49.792107Z</date>
  <millis>1709787649792</millis>
  <nanos>107000</nanos>
  <sequence>3</sequence>
  <logger>javax.xml.bind</logger>
  <level>FINE</level>
  <class>javax.xml.bind.ContextFinder</class>
  <method>getSystemProperty</method>
  <thread>1</thread>
  <message>Checking system property javax.xml.bind.JAXBContextFactory</message>
</record>
<record>
  <date>2024-03-07T05:00:49.792921Z</date>
  <millis>1709787649792</millis>
  <nanos>921000</nanos>
  <sequence>4</sequence>
  <logger>javax.xml.bind</logger>
  <level>FINE</level>
  <class>javax.xml.bind.ContextFinder</class>
  <method>getSystemProperty</method>
  <thread>1</thread>
  <message>  not found</message>
</record>
<record>
  <date>2024-03-07T05:00:49.793215Z</date>
  <millis>1709787649793</millis>
  <nanos>215000</nanos>
  <sequence>5</sequence>
  <logger>javax.xml.bind</logger>
  <level>FINE</level>
  <class>javax.xml.bind.ContextFinder</class>
  <method>getSystemProperty</method>
  <thread>1</thread>
  <message>Checking system property javax.xml.bind.context.factory</message>
</record>
<record>
  <date>2024-03-07T05:00:49.793510Z</date>
  <millis>1709787649793</millis>
  <nanos>510000</nanos>
  <sequence>6</sequence>
  <logger>javax.xml.bind</logger>
  <level>FINE</level>
  <class>javax.xml.bind.ContextFinder</class>
  <method>getSystemProperty</method>
  <thread>1</thread>
  <message>  not found</message>
</record>
<record>
  <date>2024-03-07T05:00:49.793706Z</date>
  <millis>1709787649793</millis>
  <nanos>706000</nanos>
  <sequence>7</sequence>
  <logger>javax.xml.bind</logger>
  <level>FINE</level>
  <class>javax.xml.bind.ContextFinder</class>
  <method>getSystemProperty</method>
  <thread>1</thread>
  <message>Checking system property javax.xml.bind.JAXBContext</message>
</record>
<record>
  <date>2024-03-07T05:00:49.794151Z</date>
  <millis>1709787649794</millis>
  <nanos>151000</nanos>
  <sequence>8</sequence>
  <logger>javax.xml.bind</logger>
  <level>FINE</level>
  <class>javax.xml.bind.ContextFinder</class>
  <method>getSystemProperty</method>
  <thread>1</thread>
  <message>  not found</message>
</record>
<record>
  <date>2024-03-07T05:00:49.795327Z</date>
  <millis>1709787649795</millis>
  <nanos>327000</nanos>
  <sequence>9</sequence>
  <logger>javax.xml.bind</logger>
  <level>FINE</level>
  <class>javax.xml.bind.ContextFinder</class>
  <method>firstByServiceLoaderDeprecated</method>
  <thread>1</thread>
  <message>Searching META-INF/services</message>
</record>
<record>
  <date>2024-03-07T05:00:49.796155Z</date>
  <millis>1709787649796</millis>
  <nanos>155000</nanos>
  <sequence>10</sequence>
  <logger>javax.xml.bind</logger>
  <level>FINE</level>
  <class>javax.xml.bind.ContextFinder</class>
  <method>firstByServiceLoaderDeprecated</method>
  <thread>1</thread>
  <message>Configured factorty class:com.sun.xml.bind.v2.ContextFactory</message>
</record>
<record>
  <date>2024-03-07T05:00:49.798267Z</date>
  <millis>1709787649798</millis>
  <nanos>267000</nanos>
  <sequence>11</sequence>
  <logger>javax.xml.bind</logger>
  <level>FINE</level>
  <class>javax.xml.bind.ContextFinder</class>
  <method>newInstance</method>
  <thread>1</thread>
  <message>loaded com.sun.xml.bind.v2.ContextFactory from jar:file:/Users/at/.m2/repository/org/glassfish/jaxb/jaxb-runtime/2.3.1/jaxb-runtime-2.3.1.jar!/com/sun/xml/bind/v2/ContextFactory.class</message>
</record>
<record>
  <date>2024-03-07T05:00:49.802993Z</date>
  <millis>1709787649802</millis>
  <nanos>993000</nanos>
  <sequence>12</sequence>
  <logger>com.sun.xml.bind.v2.ContextFactory</logger>
  <level>FINE</level>
  <class>com.sun.xml.bind.v2.ContextFactory</class>
  <method>createContext</method>
  <thread>1</thread>
  <message>Property com.sun.xml.bind.XmlAccessorFactoryis not active.  Using JAXB's implementation</message>
</record>
<record>
  <date>2024-03-07T05:00:49.897304Z</date>
  <millis>1709787649897</millis>
  <nanos>304000</nanos>
  <sequence>13</sequence>
  <logger>org.University.Main</logger>
  <level>INFO</level>
  <class>org.University.Main</class>
  <method>main</method>
  <thread>1</thread>
  <message>End program</message>
</record>
</log>
<?xml version="1.0" encoding="UTF-8" standalone="no"?>
<!DOCTYPE log SYSTEM "logger.dtd">
<log>
<record>
  <date>2024-03-07T05:01:07.552250Z</date>
  <millis>1709787667552</millis>
  <nanos>250000</nanos>
  <sequence>0</sequence>
  <logger>org.University.Main</logger>
  <level>INFO</level>
  <class>org.University.Main</class>
  <method>main</method>
  <thread>1</thread>
  <message>Start program</message>
</record>
<record>
  <date>2024-03-07T05:01:08.355035Z</date>
  <millis>1709787668355</millis>
  <nanos>35000</nanos>
  <sequence>1</sequence>
  <logger>org.University.Main</logger>
  <level>INFO</level>
  <class>org.University.UtilStatistics</class>
  <method>getStatistic</method>
  <thread>1</thread>
  <message>[Профиль: Физика, средний балл: 4.54, кол-во студентов: 8, кол-во университетов: 2, названия универов: Московский Выдуманный Университет, Московский Придуманный Институт, Профиль: Медицина, средний балл: 4.33, кол-во студентов: 3, кол-во университетов: 3, названия универов: Московский Государственный Медицинский Университет, Тамбовский Университет Медицины, Самарский Медицинский Институт, Профиль: Лингвистика, средний балл: 0.0, кол-во студентов: 0, кол-во университетов: 1, названия универов: Воронежский Литературно-Переводческий Университет, Профиль: Математика, средний балл: 0.0, кол-во студентов: 0, кол-во университетов: 1, названия универов: Казанский Университет Вычислений]</message>
</record>
<record>
  <date>2024-03-07T05:01:08.509718Z</date>
  <millis>1709787668509</millis>
  <nanos>718000</nanos>
  <sequence>2</sequence>
  <logger>javax.xml.bind</logger>
  <level>FINE</level>
  <class>javax.xml.bind.ContextFinder</class>
  <method>find</method>
  <thread>1</thread>
  <message>Searching jaxb.properties</message>
</record>
<record>
  <date>2024-03-07T05:01:08.510608Z</date>
  <millis>1709787668510</millis>
  <nanos>608000</nanos>
  <sequence>3</sequence>
  <logger>javax.xml.bind</logger>
  <level>FINE</level>
  <class>javax.xml.bind.ContextFinder</class>
  <method>getSystemProperty</method>
  <thread>1</thread>
  <message>Checking system property javax.xml.bind.JAXBContextFactory</message>
</record>
<record>
  <date>2024-03-07T05:01:08.513069Z</date>
  <millis>1709787668513</millis>
  <nanos>69000</nanos>
  <sequence>4</sequence>
  <logger>javax.xml.bind</logger>
  <level>FINE</level>
  <class>javax.xml.bind.ContextFinder</class>
  <method>getSystemProperty</method>
  <thread>1</thread>
  <message>  not found</message>
</record>
<record>
  <date>2024-03-07T05:01:08.513809Z</date>
  <millis>1709787668513</millis>
  <nanos>809000</nanos>
  <sequence>5</sequence>
  <logger>javax.xml.bind</logger>
  <level>FINE</level>
  <class>javax.xml.bind.ContextFinder</class>
  <method>getSystemProperty</method>
  <thread>1</thread>
  <message>Checking system property javax.xml.bind.context.factory</message>
</record>
<record>
  <date>2024-03-07T05:01:08.514351Z</date>
  <millis>1709787668514</millis>
  <nanos>351000</nanos>
  <sequence>6</sequence>
  <logger>javax.xml.bind</logger>
  <level>FINE</level>
  <class>javax.xml.bind.ContextFinder</class>
  <method>getSystemProperty</method>
  <thread>1</thread>
  <message>  not found</message>
</record>
<record>
  <date>2024-03-07T05:01:08.514802Z</date>
  <millis>1709787668514</millis>
  <nanos>802000</nanos>
  <sequence>7</sequence>
  <logger>javax.xml.bind</logger>
  <level>FINE</level>
  <class>javax.xml.bind.ContextFinder</class>
  <method>getSystemProperty</method>
  <thread>1</thread>
  <message>Checking system property javax.xml.bind.JAXBContext</message>
</record>
<record>
  <date>2024-03-07T05:01:08.515132Z</date>
  <millis>1709787668515</millis>
  <nanos>132000</nanos>
  <sequence>8</sequence>
  <logger>javax.xml.bind</logger>
  <level>FINE</level>
  <class>javax.xml.bind.ContextFinder</class>
  <method>getSystemProperty</method>
  <thread>1</thread>
  <message>  not found</message>
</record>
<record>
  <date>2024-03-07T05:01:08.516123Z</date>
  <millis>1709787668516</millis>
  <nanos>123000</nanos>
  <sequence>9</sequence>
  <logger>javax.xml.bind</logger>
  <level>FINE</level>
  <class>javax.xml.bind.ContextFinder</class>
  <method>firstByServiceLoaderDeprecated</method>
  <thread>1</thread>
  <message>Searching META-INF/services</message>
</record>
<record>
  <date>2024-03-07T05:01:08.516904Z</date>
  <millis>1709787668516</millis>
  <nanos>904000</nanos>
  <sequence>10</sequence>
  <logger>javax.xml.bind</logger>
  <level>FINE</level>
  <class>javax.xml.bind.ContextFinder</class>
  <method>firstByServiceLoaderDeprecated</method>
  <thread>1</thread>
  <message>Configured factorty class:com.sun.xml.bind.v2.ContextFactory</message>
</record>
<record>
  <date>2024-03-07T05:01:08.518144Z</date>
  <millis>1709787668518</millis>
  <nanos>144000</nanos>
  <sequence>11</sequence>
  <logger>javax.xml.bind</logger>
  <level>FINE</level>
  <class>javax.xml.bind.ContextFinder</class>
  <method>newInstance</method>
  <thread>1</thread>
  <message>loaded com.sun.xml.bind.v2.ContextFactory from jar:file:/Users/at/.m2/repository/org/glassfish/jaxb/jaxb-runtime/2.3.1/jaxb-runtime-2.3.1.jar!/com/sun/xml/bind/v2/ContextFactory.class</message>
</record>
<record>
  <date>2024-03-07T05:01:08.521996Z</date>
  <millis>1709787668521</millis>
  <nanos>996000</nanos>
  <sequence>12</sequence>
  <logger>com.sun.xml.bind.v2.ContextFactory</logger>
  <level>FINE</level>
  <class>com.sun.xml.bind.v2.ContextFactory</class>
  <method>createContext</method>
  <thread>1</thread>
  <message>Property com.sun.xml.bind.XmlAccessorFactoryis not active.  Using JAXB's implementation</message>
</record>
<record>
  <date>2024-03-07T05:01:08.619440Z</date>
  <millis>1709787668619</millis>
  <nanos>440000</nanos>
  <sequence>13</sequence>
  <logger>org.University.Main</logger>
  <level>INFO</level>
  <class>org.University.Main</class>
  <method>main</method>
  <thread>1</thread>
  <message>End program</message>
</record>
</log>
<?xml version="1.0" encoding="UTF-8" standalone="no"?>
<!DOCTYPE log SYSTEM "logger.dtd">
<log>
<record>
  <date>2024-03-07T05:01:23.000139Z</date>
  <millis>1709787683000</millis>
  <nanos>139000</nanos>
  <sequence>0</sequence>
  <logger>org.University.Main</logger>
  <level>INFO</level>
  <class>org.University.Main</class>
  <method>main</method>
  <thread>1</thread>
  <message>Start program</message>
</record>
<record>
  <date>2024-03-07T05:01:23.737879Z</date>
  <millis>1709787683737</millis>
  <nanos>879000</nanos>
  <sequence>1</sequence>
  <logger>org.University.Main</logger>
  <level>INFO</level>
  <class>org.University.UtilStatistics</class>
  <method>getStatistic</method>
  <thread>1</thread>
  <message>[Профиль: Физика, средний балл: 4.54, кол-во студентов: 8, кол-во университетов: 2, названия универов: Московский Выдуманный Университет, Московский Придуманный Институт, Профиль: Медицина, средний балл: 4.33, кол-во студентов: 3, кол-во университетов: 3, названия универов: Московский Государственный Медицинский Университет, Тамбовский Университет Медицины, Самарский Медицинский Институт, Профиль: Лингвистика, средний балл: 0.0, кол-во студентов: 0, кол-во университетов: 1, названия универов: Воронежский Литературно-Переводческий Университет, Профиль: Математика, средний балл: 0.0, кол-во студентов: 0, кол-во университетов: 1, названия универов: Казанский Университет Вычислений]</message>
</record>
<record>
  <date>2024-03-07T05:01:23.873261Z</date>
  <millis>1709787683873</millis>
  <nanos>261000</nanos>
  <sequence>2</sequence>
  <logger>javax.xml.bind</logger>
  <level>FINE</level>
  <class>javax.xml.bind.ContextFinder</class>
  <method>find</method>
  <thread>1</thread>
  <message>Searching jaxb.properties</message>
</record>
<record>
  <date>2024-03-07T05:01:23.874004Z</date>
  <millis>1709787683874</millis>
  <nanos>4000</nanos>
  <sequence>3</sequence>
  <logger>javax.xml.bind</logger>
  <level>FINE</level>
  <class>javax.xml.bind.ContextFinder</class>
  <method>getSystemProperty</method>
  <thread>1</thread>
  <message>Checking system property javax.xml.bind.JAXBContextFactory</message>
</record>
<record>
  <date>2024-03-07T05:01:23.874871Z</date>
  <millis>1709787683874</millis>
  <nanos>871000</nanos>
  <sequence>4</sequence>
  <logger>javax.xml.bind</logger>
  <level>FINE</level>
  <class>javax.xml.bind.ContextFinder</class>
  <method>getSystemProperty</method>
  <thread>1</thread>
  <message>  not found</message>
</record>
<record>
  <date>2024-03-07T05:01:23.875235Z</date>
  <millis>1709787683875</millis>
  <nanos>235000</nanos>
  <sequence>5</sequence>
  <logger>javax.xml.bind</logger>
  <level>FINE</level>
  <class>javax.xml.bind.ContextFinder</class>
  <method>getSystemProperty</method>
  <thread>1</thread>
  <message>Checking system property javax.xml.bind.context.factory</message>
</record>
<record>
  <date>2024-03-07T05:01:23.875587Z</date>
  <millis>1709787683875</millis>
  <nanos>587000</nanos>
  <sequence>6</sequence>
  <logger>javax.xml.bind</logger>
  <level>FINE</level>
  <class>javax.xml.bind.ContextFinder</class>
  <method>getSystemProperty</method>
  <thread>1</thread>
  <message>  not found</message>
</record>
<record>
  <date>2024-03-07T05:01:23.875871Z</date>
  <millis>1709787683875</millis>
  <nanos>871000</nanos>
  <sequence>7</sequence>
  <logger>javax.xml.bind</logger>
  <level>FINE</level>
  <class>javax.xml.bind.ContextFinder</class>
  <method>getSystemProperty</method>
  <thread>1</thread>
  <message>Checking system property javax.xml.bind.JAXBContext</message>
</record>
<record>
  <date>2024-03-07T05:01:23.876209Z</date>
  <millis>1709787683876</millis>
  <nanos>209000</nanos>
  <sequence>8</sequence>
  <logger>javax.xml.bind</logger>
  <level>FINE</level>
  <class>javax.xml.bind.ContextFinder</class>
  <method>getSystemProperty</method>
  <thread>1</thread>
  <message>  not found</message>
</record>
<record>
  <date>2024-03-07T05:01:23.877535Z</date>
  <millis>1709787683877</millis>
  <nanos>535000</nanos>
  <sequence>9</sequence>
  <logger>javax.xml.bind</logger>
  <level>FINE</level>
  <class>javax.xml.bind.ContextFinder</class>
  <method>firstByServiceLoaderDeprecated</method>
  <thread>1</thread>
  <message>Searching META-INF/services</message>
</record>
<record>
  <date>2024-03-07T05:01:23.879014Z</date>
  <millis>1709787683879</millis>
  <nanos>14000</nanos>
  <sequence>10</sequence>
  <logger>javax.xml.bind</logger>
  <level>FINE</level>
  <class>javax.xml.bind.ContextFinder</class>
  <method>firstByServiceLoaderDeprecated</method>
  <thread>1</thread>
  <message>Configured factorty class:com.sun.xml.bind.v2.ContextFactory</message>
</record>
<record>
  <date>2024-03-07T05:01:23.880660Z</date>
  <millis>1709787683880</millis>
  <nanos>660000</nanos>
  <sequence>11</sequence>
  <logger>javax.xml.bind</logger>
  <level>FINE</level>
  <class>javax.xml.bind.ContextFinder</class>
  <method>newInstance</method>
  <thread>1</thread>
  <message>loaded com.sun.xml.bind.v2.ContextFactory from jar:file:/Users/at/.m2/repository/org/glassfish/jaxb/jaxb-runtime/2.3.1/jaxb-runtime-2.3.1.jar!/com/sun/xml/bind/v2/ContextFactory.class</message>
</record>
<record>
  <date>2024-03-07T05:01:23.886007Z</date>
  <millis>1709787683886</millis>
  <nanos>7000</nanos>
  <sequence>12</sequence>
  <logger>com.sun.xml.bind.v2.ContextFactory</logger>
  <level>FINE</level>
  <class>com.sun.xml.bind.v2.ContextFactory</class>
  <method>createContext</method>
  <thread>1</thread>
  <message>Property com.sun.xml.bind.XmlAccessorFactoryis not active.  Using JAXB's implementation</message>
</record>
<record>
  <date>2024-03-07T05:01:24.035591Z</date>
  <millis>1709787684035</millis>
  <nanos>591000</nanos>
  <sequence>13</sequence>
  <logger>org.University.Main</logger>
  <level>INFO</level>
  <class>org.University.Main</class>
  <method>main</method>
  <thread>1</thread>
  <message>End program</message>
</record>
</log>
<?xml version="1.0" encoding="UTF-8" standalone="no"?>
<!DOCTYPE log SYSTEM "logger.dtd">
<log>
<record>
  <date>2024-03-07T05:05:54.349008Z</date>
  <millis>1709787954349</millis>
  <nanos>8000</nanos>
  <sequence>0</sequence>
  <logger>org.University.Main</logger>
  <level>INFO</level>
  <class>org.University.Main</class>
  <method>main</method>
  <thread>1</thread>
  <message>Start program</message>
</record>
<record>
  <date>2024-03-07T05:05:55.157026Z</date>
  <millis>1709787955157</millis>
  <nanos>26000</nanos>
  <sequence>1</sequence>
  <logger>org.University.Main</logger>
  <level>INFO</level>
  <class>org.University.UtilStatistics</class>
  <method>getStatistic</method>
  <thread>1</thread>
  <message>[Профиль: Физика, средний балл: 4.54, кол-во студентов: 8, кол-во университетов: 2, названия универов: Московский Выдуманный Университет, Московский Придуманный Институт, Профиль: Медицина, средний балл: 4.33, кол-во студентов: 3, кол-во университетов: 3, названия универов: Московский Государственный Медицинский Университет, Тамбовский Университет Медицины, Самарский Медицинский Институт, Профиль: Лингвистика, средний балл: 0.0, кол-во студентов: 0, кол-во университетов: 1, названия универов: Воронежский Литературно-Переводческий Университет, Профиль: Математика, средний балл: 0.0, кол-во студентов: 0, кол-во университетов: 1, названия универов: Казанский Университет Вычислений]</message>
</record>
<record>
  <date>2024-03-07T05:05:55.349091Z</date>
  <millis>1709787955349</millis>
  <nanos>91000</nanos>
  <sequence>2</sequence>
  <logger>javax.xml.bind</logger>
  <level>FINE</level>
  <class>javax.xml.bind.ContextFinder</class>
  <method>find</method>
  <thread>1</thread>
  <message>Searching jaxb.properties</message>
</record>
<record>
  <date>2024-03-07T05:05:55.350859Z</date>
  <millis>1709787955350</millis>
  <nanos>859000</nanos>
  <sequence>3</sequence>
  <logger>javax.xml.bind</logger>
  <level>FINE</level>
  <class>javax.xml.bind.ContextFinder</class>
  <method>getSystemProperty</method>
  <thread>1</thread>
  <message>Checking system property javax.xml.bind.JAXBContextFactory</message>
</record>
<record>
  <date>2024-03-07T05:05:55.352094Z</date>
  <millis>1709787955352</millis>
  <nanos>94000</nanos>
  <sequence>4</sequence>
  <logger>javax.xml.bind</logger>
  <level>FINE</level>
  <class>javax.xml.bind.ContextFinder</class>
  <method>getSystemProperty</method>
  <thread>1</thread>
  <message>  not found</message>
</record>
<record>
  <date>2024-03-07T05:05:55.352613Z</date>
  <millis>1709787955352</millis>
  <nanos>613000</nanos>
  <sequence>5</sequence>
  <logger>javax.xml.bind</logger>
  <level>FINE</level>
  <class>javax.xml.bind.ContextFinder</class>
  <method>getSystemProperty</method>
  <thread>1</thread>
  <message>Checking system property javax.xml.bind.context.factory</message>
</record>
<record>
  <date>2024-03-07T05:05:55.352992Z</date>
  <millis>1709787955352</millis>
  <nanos>992000</nanos>
  <sequence>6</sequence>
  <logger>javax.xml.bind</logger>
  <level>FINE</level>
  <class>javax.xml.bind.ContextFinder</class>
  <method>getSystemProperty</method>
  <thread>1</thread>
  <message>  not found</message>
</record>
<record>
  <date>2024-03-07T05:05:55.353297Z</date>
  <millis>1709787955353</millis>
  <nanos>297000</nanos>
  <sequence>7</sequence>
  <logger>javax.xml.bind</logger>
  <level>FINE</level>
  <class>javax.xml.bind.ContextFinder</class>
  <method>getSystemProperty</method>
  <thread>1</thread>
  <message>Checking system property javax.xml.bind.JAXBContext</message>
</record>
<record>
  <date>2024-03-07T05:05:55.353737Z</date>
  <millis>1709787955353</millis>
  <nanos>737000</nanos>
  <sequence>8</sequence>
  <logger>javax.xml.bind</logger>
  <level>FINE</level>
  <class>javax.xml.bind.ContextFinder</class>
  <method>getSystemProperty</method>
  <thread>1</thread>
  <message>  not found</message>
</record>
<record>
  <date>2024-03-07T05:05:55.355659Z</date>
  <millis>1709787955355</millis>
  <nanos>659000</nanos>
  <sequence>9</sequence>
  <logger>javax.xml.bind</logger>
  <level>FINE</level>
  <class>javax.xml.bind.ContextFinder</class>
  <method>firstByServiceLoaderDeprecated</method>
  <thread>1</thread>
  <message>Searching META-INF/services</message>
</record>
<record>
  <date>2024-03-07T05:05:55.356484Z</date>
  <millis>1709787955356</millis>
  <nanos>484000</nanos>
  <sequence>10</sequence>
  <logger>javax.xml.bind</logger>
  <level>FINE</level>
  <class>javax.xml.bind.ContextFinder</class>
  <method>firstByServiceLoaderDeprecated</method>
  <thread>1</thread>
  <message>Configured factorty class:com.sun.xml.bind.v2.ContextFactory</message>
</record>
<record>
  <date>2024-03-07T05:05:55.358558Z</date>
  <millis>1709787955358</millis>
  <nanos>558000</nanos>
  <sequence>11</sequence>
  <logger>javax.xml.bind</logger>
  <level>FINE</level>
  <class>javax.xml.bind.ContextFinder</class>
  <method>newInstance</method>
  <thread>1</thread>
  <message>loaded com.sun.xml.bind.v2.ContextFactory from jar:file:/Users/at/.m2/repository/org/glassfish/jaxb/jaxb-runtime/2.3.1/jaxb-runtime-2.3.1.jar!/com/sun/xml/bind/v2/ContextFactory.class</message>
</record>
<record>
  <date>2024-03-07T05:05:55.365342Z</date>
  <millis>1709787955365</millis>
  <nanos>342000</nanos>
  <sequence>12</sequence>
  <logger>com.sun.xml.bind.v2.ContextFactory</logger>
  <level>FINE</level>
  <class>com.sun.xml.bind.v2.ContextFactory</class>
  <method>createContext</method>
  <thread>1</thread>
  <message>Property com.sun.xml.bind.XmlAccessorFactoryis not active.  Using JAXB's implementation</message>
</record>
<record>
  <date>2024-03-07T05:05:55.508574Z</date>
  <millis>1709787955508</millis>
  <nanos>574000</nanos>
  <sequence>13</sequence>
  <logger>org.University.Main</logger>
  <level>INFO</level>
  <class>org.University.Main</class>
  <method>main</method>
  <thread>1</thread>
  <message>End program</message>
</record>
</log>
<?xml version="1.0" encoding="UTF-8" standalone="no"?>
<!DOCTYPE log SYSTEM "logger.dtd">
<log>
<record>
  <date>2024-03-07T05:06:18.619736Z</date>
  <millis>1709787978619</millis>
  <nanos>736000</nanos>
  <sequence>0</sequence>
  <logger>org.University.Main</logger>
  <level>INFO</level>
  <class>org.University.Main</class>
  <method>main</method>
  <thread>1</thread>
  <message>Start program</message>
</record>
<record>
  <date>2024-03-07T05:06:19.402155Z</date>
  <millis>1709787979402</millis>
  <nanos>155000</nanos>
  <sequence>1</sequence>
  <logger>org.University.Main</logger>
  <level>INFO</level>
  <class>org.University.UtilStatistics</class>
  <method>getStatistic</method>
  <thread>1</thread>
  <message>[Профиль: Физика, средний балл: 4.54, кол-во студентов: 8, кол-во университетов: 2, названия универов: Московский Выдуманный Университет, Московский Придуманный Институт, Профиль: Медицина, средний балл: 4.33, кол-во студентов: 3, кол-во университетов: 3, названия универов: Московский Государственный Медицинский Университет, Тамбовский Университет Медицины, Самарский Медицинский Институт, Профиль: Лингвистика, средний балл: 0.0, кол-во студентов: 0, кол-во университетов: 1, названия универов: Воронежский Литературно-Переводческий Университет, Профиль: Математика, средний балл: 0.0, кол-во студентов: 0, кол-во университетов: 1, названия универов: Казанский Университет Вычислений]</message>
</record>
<record>
  <date>2024-03-07T05:06:19.555448Z</date>
  <millis>1709787979555</millis>
  <nanos>448000</nanos>
  <sequence>2</sequence>
  <logger>javax.xml.bind</logger>
  <level>FINE</level>
  <class>javax.xml.bind.ContextFinder</class>
  <method>find</method>
  <thread>1</thread>
  <message>Searching jaxb.properties</message>
</record>
<record>
  <date>2024-03-07T05:06:19.556171Z</date>
  <millis>1709787979556</millis>
  <nanos>171000</nanos>
  <sequence>3</sequence>
  <logger>javax.xml.bind</logger>
  <level>FINE</level>
  <class>javax.xml.bind.ContextFinder</class>
  <method>getSystemProperty</method>
  <thread>1</thread>
  <message>Checking system property javax.xml.bind.JAXBContextFactory</message>
</record>
<record>
  <date>2024-03-07T05:06:19.556959Z</date>
  <millis>1709787979556</millis>
  <nanos>959000</nanos>
  <sequence>4</sequence>
  <logger>javax.xml.bind</logger>
  <level>FINE</level>
  <class>javax.xml.bind.ContextFinder</class>
  <method>getSystemProperty</method>
  <thread>1</thread>
  <message>  not found</message>
</record>
<record>
  <date>2024-03-07T05:06:19.557333Z</date>
  <millis>1709787979557</millis>
  <nanos>333000</nanos>
  <sequence>5</sequence>
  <logger>javax.xml.bind</logger>
  <level>FINE</level>
  <class>javax.xml.bind.ContextFinder</class>
  <method>getSystemProperty</method>
  <thread>1</thread>
  <message>Checking system property javax.xml.bind.context.factory</message>
</record>
<record>
  <date>2024-03-07T05:06:19.557835Z</date>
  <millis>1709787979557</millis>
  <nanos>835000</nanos>
  <sequence>6</sequence>
  <logger>javax.xml.bind</logger>
  <level>FINE</level>
  <class>javax.xml.bind.ContextFinder</class>
  <method>getSystemProperty</method>
  <thread>1</thread>
  <message>  not found</message>
</record>
<record>
  <date>2024-03-07T05:06:19.558186Z</date>
  <millis>1709787979558</millis>
  <nanos>186000</nanos>
  <sequence>7</sequence>
  <logger>javax.xml.bind</logger>
  <level>FINE</level>
  <class>javax.xml.bind.ContextFinder</class>
  <method>getSystemProperty</method>
  <thread>1</thread>
  <message>Checking system property javax.xml.bind.JAXBContext</message>
</record>
<record>
  <date>2024-03-07T05:06:19.558652Z</date>
  <millis>1709787979558</millis>
  <nanos>652000</nanos>
  <sequence>8</sequence>
  <logger>javax.xml.bind</logger>
  <level>FINE</level>
  <class>javax.xml.bind.ContextFinder</class>
  <method>getSystemProperty</method>
  <thread>1</thread>
  <message>  not found</message>
</record>
<record>
  <date>2024-03-07T05:06:19.560081Z</date>
  <millis>1709787979560</millis>
  <nanos>81000</nanos>
  <sequence>9</sequence>
  <logger>javax.xml.bind</logger>
  <level>FINE</level>
  <class>javax.xml.bind.ContextFinder</class>
  <method>firstByServiceLoaderDeprecated</method>
  <thread>1</thread>
  <message>Searching META-INF/services</message>
</record>
<record>
  <date>2024-03-07T05:06:19.561377Z</date>
  <millis>1709787979561</millis>
  <nanos>377000</nanos>
  <sequence>10</sequence>
  <logger>javax.xml.bind</logger>
  <level>FINE</level>
  <class>javax.xml.bind.ContextFinder</class>
  <method>firstByServiceLoaderDeprecated</method>
  <thread>1</thread>
  <message>Configured factorty class:com.sun.xml.bind.v2.ContextFactory</message>
</record>
<record>
  <date>2024-03-07T05:06:19.562949Z</date>
  <millis>1709787979562</millis>
  <nanos>949000</nanos>
  <sequence>11</sequence>
  <logger>javax.xml.bind</logger>
  <level>FINE</level>
  <class>javax.xml.bind.ContextFinder</class>
  <method>newInstance</method>
  <thread>1</thread>
  <message>loaded com.sun.xml.bind.v2.ContextFactory from jar:file:/Users/at/.m2/repository/org/glassfish/jaxb/jaxb-runtime/2.3.1/jaxb-runtime-2.3.1.jar!/com/sun/xml/bind/v2/ContextFactory.class</message>
</record>
<record>
  <date>2024-03-07T05:06:19.569628Z</date>
  <millis>1709787979569</millis>
  <nanos>628000</nanos>
  <sequence>12</sequence>
  <logger>com.sun.xml.bind.v2.ContextFactory</logger>
  <level>FINE</level>
  <class>com.sun.xml.bind.v2.ContextFactory</class>
  <method>createContext</method>
  <thread>1</thread>
  <message>Property com.sun.xml.bind.XmlAccessorFactoryis not active.  Using JAXB's implementation</message>
</record>
</log>
<?xml version="1.0" encoding="UTF-8" standalone="no"?>
<!DOCTYPE log SYSTEM "logger.dtd">
<log>
<record>
  <date>2024-03-07T05:10:39.112928Z</date>
  <millis>1709788239112</millis>
  <nanos>928000</nanos>
  <sequence>0</sequence>
  <logger>org.University.Main</logger>
  <level>INFO</level>
  <class>org.University.Main</class>
  <method>main</method>
  <thread>1</thread>
  <message>Start program</message>
</record>
<record>
  <date>2024-03-07T05:10:40.100430Z</date>
  <millis>1709788240100</millis>
  <nanos>430000</nanos>
  <sequence>1</sequence>
  <logger>org.University.Main</logger>
  <level>INFO</level>
  <class>org.University.UtilStatistics</class>
  <method>getStatistic</method>
  <thread>1</thread>
  <message>[Профиль: Физика, средний балл: 4.54, кол-во студентов: 8, кол-во университетов: 2, названия универов: Московский Выдуманный Университет, Московский Придуманный Институт, Профиль: Медицина, средний балл: 4.33, кол-во студентов: 3, кол-во университетов: 3, названия универов: Московский Государственный Медицинский Университет, Тамбовский Университет Медицины, Самарский Медицинский Институт, Профиль: Лингвистика, средний балл: 0.0, кол-во студентов: 0, кол-во университетов: 1, названия универов: Воронежский Литературно-Переводческий Университет, Профиль: Математика, средний балл: 0.0, кол-во студентов: 0, кол-во университетов: 1, названия универов: Казанский Университет Вычислений]</message>
</record>
<record>
  <date>2024-03-07T05:10:40.250487Z</date>
  <millis>1709788240250</millis>
  <nanos>487000</nanos>
  <sequence>2</sequence>
  <logger>javax.xml.bind</logger>
  <level>FINE</level>
  <class>javax.xml.bind.ContextFinder</class>
  <method>find</method>
  <thread>1</thread>
  <message>Searching jaxb.properties</message>
</record>
<record>
  <date>2024-03-07T05:10:40.251028Z</date>
  <millis>1709788240251</millis>
  <nanos>28000</nanos>
  <sequence>3</sequence>
  <logger>javax.xml.bind</logger>
  <level>FINE</level>
  <class>javax.xml.bind.ContextFinder</class>
  <method>getSystemProperty</method>
  <thread>1</thread>
  <message>Checking system property javax.xml.bind.JAXBContextFactory</message>
</record>
<record>
  <date>2024-03-07T05:10:40.251762Z</date>
  <millis>1709788240251</millis>
  <nanos>762000</nanos>
  <sequence>4</sequence>
  <logger>javax.xml.bind</logger>
  <level>FINE</level>
  <class>javax.xml.bind.ContextFinder</class>
  <method>getSystemProperty</method>
  <thread>1</thread>
  <message>  not found</message>
</record>
<record>
  <date>2024-03-07T05:10:40.252067Z</date>
  <millis>1709788240252</millis>
  <nanos>67000</nanos>
  <sequence>5</sequence>
  <logger>javax.xml.bind</logger>
  <level>FINE</level>
  <class>javax.xml.bind.ContextFinder</class>
  <method>getSystemProperty</method>
  <thread>1</thread>
  <message>Checking system property javax.xml.bind.context.factory</message>
</record>
<record>
  <date>2024-03-07T05:10:40.252368Z</date>
  <millis>1709788240252</millis>
  <nanos>368000</nanos>
  <sequence>6</sequence>
  <logger>javax.xml.bind</logger>
  <level>FINE</level>
  <class>javax.xml.bind.ContextFinder</class>
  <method>getSystemProperty</method>
  <thread>1</thread>
  <message>  not found</message>
</record>
<record>
  <date>2024-03-07T05:10:40.252617Z</date>
  <millis>1709788240252</millis>
  <nanos>617000</nanos>
  <sequence>7</sequence>
  <logger>javax.xml.bind</logger>
  <level>FINE</level>
  <class>javax.xml.bind.ContextFinder</class>
  <method>getSystemProperty</method>
  <thread>1</thread>
  <message>Checking system property javax.xml.bind.JAXBContext</message>
</record>
<record>
  <date>2024-03-07T05:10:40.252898Z</date>
  <millis>1709788240252</millis>
  <nanos>898000</nanos>
  <sequence>8</sequence>
  <logger>javax.xml.bind</logger>
  <level>FINE</level>
  <class>javax.xml.bind.ContextFinder</class>
  <method>getSystemProperty</method>
  <thread>1</thread>
  <message>  not found</message>
</record>
<record>
  <date>2024-03-07T05:10:40.254094Z</date>
  <millis>1709788240254</millis>
  <nanos>94000</nanos>
  <sequence>9</sequence>
  <logger>javax.xml.bind</logger>
  <level>FINE</level>
  <class>javax.xml.bind.ContextFinder</class>
  <method>firstByServiceLoaderDeprecated</method>
  <thread>1</thread>
  <message>Searching META-INF/services</message>
</record>
<record>
  <date>2024-03-07T05:10:40.255495Z</date>
  <millis>1709788240255</millis>
  <nanos>495000</nanos>
  <sequence>10</sequence>
  <logger>javax.xml.bind</logger>
  <level>FINE</level>
  <class>javax.xml.bind.ContextFinder</class>
  <method>firstByServiceLoaderDeprecated</method>
  <thread>1</thread>
  <message>Configured factorty class:com.sun.xml.bind.v2.ContextFactory</message>
</record>
<record>
  <date>2024-03-07T05:10:40.257810Z</date>
  <millis>1709788240257</millis>
  <nanos>810000</nanos>
  <sequence>11</sequence>
  <logger>javax.xml.bind</logger>
  <level>FINE</level>
  <class>javax.xml.bind.ContextFinder</class>
  <method>newInstance</method>
  <thread>1</thread>
  <message>loaded com.sun.xml.bind.v2.ContextFactory from jar:file:/Users/at/.m2/repository/org/glassfish/jaxb/jaxb-runtime/2.3.1/jaxb-runtime-2.3.1.jar!/com/sun/xml/bind/v2/ContextFactory.class</message>
</record>
<record>
  <date>2024-03-07T05:10:40.265260Z</date>
  <millis>1709788240265</millis>
  <nanos>260000</nanos>
  <sequence>12</sequence>
  <logger>com.sun.xml.bind.v2.ContextFactory</logger>
  <level>FINE</level>
  <class>com.sun.xml.bind.v2.ContextFactory</class>
  <method>createContext</method>
  <thread>1</thread>
  <message>Property com.sun.xml.bind.XmlAccessorFactoryis not active.  Using JAXB's implementation</message>
</record>
</log>
<?xml version="1.0" encoding="UTF-8" standalone="no"?>
<!DOCTYPE log SYSTEM "logger.dtd">
<log>
<record>
  <date>2024-03-07T05:12:03.092937Z</date>
  <millis>1709788323092</millis>
  <nanos>937000</nanos>
  <sequence>0</sequence>
  <logger>org.University.Main</logger>
  <level>INFO</level>
  <class>org.University.Main</class>
  <method>main</method>
  <thread>1</thread>
  <message>Start program</message>
</record>
<record>
  <date>2024-03-07T05:12:03.954612Z</date>
  <millis>1709788323954</millis>
  <nanos>612000</nanos>
  <sequence>1</sequence>
  <logger>org.University.Main</logger>
  <level>INFO</level>
  <class>org.University.UtilStatistics</class>
  <method>getStatistic</method>
  <thread>1</thread>
  <message>[Профиль: Физика, средний балл: 4.54, кол-во студентов: 8, кол-во университетов: 2, названия универов: Московский Выдуманный Университет, Московский Придуманный Институт, Профиль: Медицина, средний балл: 4.33, кол-во студентов: 3, кол-во университетов: 3, названия универов: Московский Государственный Медицинский Университет, Тамбовский Университет Медицины, Самарский Медицинский Институт, Профиль: Лингвистика, средний балл: 0.0, кол-во студентов: 0, кол-во университетов: 1, названия универов: Воронежский Литературно-Переводческий Университет, Профиль: Математика, средний балл: 0.0, кол-во студентов: 0, кол-во университетов: 1, названия универов: Казанский Университет Вычислений]</message>
</record>
<record>
  <date>2024-03-07T05:12:04.111967Z</date>
  <millis>1709788324111</millis>
  <nanos>967000</nanos>
  <sequence>2</sequence>
  <logger>javax.xml.bind</logger>
  <level>FINE</level>
  <class>javax.xml.bind.ContextFinder</class>
  <method>find</method>
  <thread>1</thread>
  <message>Searching jaxb.properties</message>
</record>
<record>
  <date>2024-03-07T05:12:04.112814Z</date>
  <millis>1709788324112</millis>
  <nanos>814000</nanos>
  <sequence>3</sequence>
  <logger>javax.xml.bind</logger>
  <level>FINE</level>
  <class>javax.xml.bind.ContextFinder</class>
  <method>getSystemProperty</method>
  <thread>1</thread>
  <message>Checking system property javax.xml.bind.JAXBContextFactory</message>
</record>
<record>
  <date>2024-03-07T05:12:04.113818Z</date>
  <millis>1709788324113</millis>
  <nanos>818000</nanos>
  <sequence>4</sequence>
  <logger>javax.xml.bind</logger>
  <level>FINE</level>
  <class>javax.xml.bind.ContextFinder</class>
  <method>getSystemProperty</method>
  <thread>1</thread>
  <message>  not found</message>
</record>
<record>
  <date>2024-03-07T05:12:04.114174Z</date>
  <millis>1709788324114</millis>
  <nanos>174000</nanos>
  <sequence>5</sequence>
  <logger>javax.xml.bind</logger>
  <level>FINE</level>
  <class>javax.xml.bind.ContextFinder</class>
  <method>getSystemProperty</method>
  <thread>1</thread>
  <message>Checking system property javax.xml.bind.context.factory</message>
</record>
<record>
  <date>2024-03-07T05:12:04.114454Z</date>
  <millis>1709788324114</millis>
  <nanos>454000</nanos>
  <sequence>6</sequence>
  <logger>javax.xml.bind</logger>
  <level>FINE</level>
  <class>javax.xml.bind.ContextFinder</class>
  <method>getSystemProperty</method>
  <thread>1</thread>
  <message>  not found</message>
</record>
<record>
  <date>2024-03-07T05:12:04.114653Z</date>
  <millis>1709788324114</millis>
  <nanos>653000</nanos>
  <sequence>7</sequence>
  <logger>javax.xml.bind</logger>
  <level>FINE</level>
  <class>javax.xml.bind.ContextFinder</class>
  <method>getSystemProperty</method>
  <thread>1</thread>
  <message>Checking system property javax.xml.bind.JAXBContext</message>
</record>
<record>
  <date>2024-03-07T05:12:04.114842Z</date>
  <millis>1709788324114</millis>
  <nanos>842000</nanos>
  <sequence>8</sequence>
  <logger>javax.xml.bind</logger>
  <level>FINE</level>
  <class>javax.xml.bind.ContextFinder</class>
  <method>getSystemProperty</method>
  <thread>1</thread>
  <message>  not found</message>
</record>
<record>
  <date>2024-03-07T05:12:04.116620Z</date>
  <millis>1709788324116</millis>
  <nanos>620000</nanos>
  <sequence>9</sequence>
  <logger>javax.xml.bind</logger>
  <level>FINE</level>
  <class>javax.xml.bind.ContextFinder</class>
  <method>firstByServiceLoaderDeprecated</method>
  <thread>1</thread>
  <message>Searching META-INF/services</message>
</record>
<record>
  <date>2024-03-07T05:12:04.118067Z</date>
  <millis>1709788324118</millis>
  <nanos>67000</nanos>
  <sequence>10</sequence>
  <logger>javax.xml.bind</logger>
  <level>FINE</level>
  <class>javax.xml.bind.ContextFinder</class>
  <method>firstByServiceLoaderDeprecated</method>
  <thread>1</thread>
  <message>Configured factorty class:com.sun.xml.bind.v2.ContextFactory</message>
</record>
<record>
  <date>2024-03-07T05:12:04.119659Z</date>
  <millis>1709788324119</millis>
  <nanos>659000</nanos>
  <sequence>11</sequence>
  <logger>javax.xml.bind</logger>
  <level>FINE</level>
  <class>javax.xml.bind.ContextFinder</class>
  <method>newInstance</method>
  <thread>1</thread>
  <message>loaded com.sun.xml.bind.v2.ContextFactory from jar:file:/Users/at/.m2/repository/org/glassfish/jaxb/jaxb-runtime/2.3.1/jaxb-runtime-2.3.1.jar!/com/sun/xml/bind/v2/ContextFactory.class</message>
</record>
<record>
  <date>2024-03-07T05:12:04.125028Z</date>
  <millis>1709788324125</millis>
  <nanos>28000</nanos>
  <sequence>12</sequence>
  <logger>com.sun.xml.bind.v2.ContextFactory</logger>
  <level>FINE</level>
  <class>com.sun.xml.bind.v2.ContextFactory</class>
  <method>createContext</method>
  <thread>1</thread>
  <message>Property com.sun.xml.bind.XmlAccessorFactoryis not active.  Using JAXB's implementation</message>
</record>
<record>
  <date>2024-03-07T05:12:04.249288Z</date>
  <millis>1709788324249</millis>
  <nanos>288000</nanos>
  <sequence>13</sequence>
  <logger>org.University.Main</logger>
  <level>INFO</level>
  <class>org.University.Main</class>
  <method>main</method>
  <thread>1</thread>
  <message>End program</message>
</record>
</log>
<?xml version="1.0" encoding="UTF-8" standalone="no"?>
<!DOCTYPE log SYSTEM "logger.dtd">
<log>
<record>
  <date>2024-03-07T05:20:50.246555Z</date>
  <millis>1709788850246</millis>
  <nanos>555000</nanos>
  <sequence>0</sequence>
  <logger>org.University.Main</logger>
  <level>INFO</level>
  <class>org.University.Main</class>
  <method>main</method>
  <thread>1</thread>
  <message>Start program</message>
</record>
<record>
  <date>2024-03-07T05:20:51.303313Z</date>
  <millis>1709788851303</millis>
  <nanos>313000</nanos>
  <sequence>1</sequence>
  <logger>org.University.Main</logger>
  <level>INFO</level>
  <class>org.University.UtilStatistics</class>
  <method>getStatistic</method>
  <thread>1</thread>
  <message>[Профиль: Физика, средний балл: 4.54, кол-во студентов: 8, кол-во университетов: 2, названия универов: Московский Выдуманный Университет, Московский Придуманный Институт, Профиль: Медицина, средний балл: 4.33, кол-во студентов: 3, кол-во университетов: 3, названия универов: Московский Государственный Медицинский Университет, Тамбовский Университет Медицины, Самарский Медицинский Институт, Профиль: Лингвистика, средний балл: 0.0, кол-во студентов: 0, кол-во университетов: 1, названия универов: Воронежский Литературно-Переводческий Университет, Профиль: Математика, средний балл: 0.0, кол-во студентов: 0, кол-во университетов: 1, названия универов: Казанский Университет Вычислений]</message>
</record>
<record>
  <date>2024-03-07T05:20:51.449675Z</date>
  <millis>1709788851449</millis>
  <nanos>675000</nanos>
  <sequence>2</sequence>
  <logger>javax.xml.bind</logger>
  <level>FINE</level>
  <class>javax.xml.bind.ContextFinder</class>
  <method>find</method>
  <thread>1</thread>
  <message>Searching jaxb.properties</message>
</record>
<record>
  <date>2024-03-07T05:20:51.450224Z</date>
  <millis>1709788851450</millis>
  <nanos>224000</nanos>
  <sequence>3</sequence>
  <logger>javax.xml.bind</logger>
  <level>FINE</level>
  <class>javax.xml.bind.ContextFinder</class>
  <method>getSystemProperty</method>
  <thread>1</thread>
  <message>Checking system property javax.xml.bind.JAXBContextFactory</message>
</record>
<record>
  <date>2024-03-07T05:20:51.450885Z</date>
  <millis>1709788851450</millis>
  <nanos>885000</nanos>
  <sequence>4</sequence>
  <logger>javax.xml.bind</logger>
  <level>FINE</level>
  <class>javax.xml.bind.ContextFinder</class>
  <method>getSystemProperty</method>
  <thread>1</thread>
  <message>  not found</message>
</record>
<record>
  <date>2024-03-07T05:20:51.451104Z</date>
  <millis>1709788851451</millis>
  <nanos>104000</nanos>
  <sequence>5</sequence>
  <logger>javax.xml.bind</logger>
  <level>FINE</level>
  <class>javax.xml.bind.ContextFinder</class>
  <method>getSystemProperty</method>
  <thread>1</thread>
  <message>Checking system property javax.xml.bind.context.factory</message>
</record>
<record>
  <date>2024-03-07T05:20:51.451320Z</date>
  <millis>1709788851451</millis>
  <nanos>320000</nanos>
  <sequence>6</sequence>
  <logger>javax.xml.bind</logger>
  <level>FINE</level>
  <class>javax.xml.bind.ContextFinder</class>
  <method>getSystemProperty</method>
  <thread>1</thread>
  <message>  not found</message>
</record>
<record>
  <date>2024-03-07T05:20:51.451489Z</date>
  <millis>1709788851451</millis>
  <nanos>489000</nanos>
  <sequence>7</sequence>
  <logger>javax.xml.bind</logger>
  <level>FINE</level>
  <class>javax.xml.bind.ContextFinder</class>
  <method>getSystemProperty</method>
  <thread>1</thread>
  <message>Checking system property javax.xml.bind.JAXBContext</message>
</record>
<record>
  <date>2024-03-07T05:20:51.451669Z</date>
  <millis>1709788851451</millis>
  <nanos>669000</nanos>
  <sequence>8</sequence>
  <logger>javax.xml.bind</logger>
  <level>FINE</level>
  <class>javax.xml.bind.ContextFinder</class>
  <method>getSystemProperty</method>
  <thread>1</thread>
  <message>  not found</message>
</record>
<record>
  <date>2024-03-07T05:20:51.452752Z</date>
  <millis>1709788851452</millis>
  <nanos>752000</nanos>
  <sequence>9</sequence>
  <logger>javax.xml.bind</logger>
  <level>FINE</level>
  <class>javax.xml.bind.ContextFinder</class>
  <method>firstByServiceLoaderDeprecated</method>
  <thread>1</thread>
  <message>Searching META-INF/services</message>
</record>
<record>
  <date>2024-03-07T05:20:51.454141Z</date>
  <millis>1709788851454</millis>
  <nanos>141000</nanos>
  <sequence>10</sequence>
  <logger>javax.xml.bind</logger>
  <level>FINE</level>
  <class>javax.xml.bind.ContextFinder</class>
  <method>firstByServiceLoaderDeprecated</method>
  <thread>1</thread>
  <message>Configured factorty class:com.sun.xml.bind.v2.ContextFactory</message>
</record>
<record>
  <date>2024-03-07T05:20:51.456637Z</date>
  <millis>1709788851456</millis>
  <nanos>637000</nanos>
  <sequence>11</sequence>
  <logger>javax.xml.bind</logger>
  <level>FINE</level>
  <class>javax.xml.bind.ContextFinder</class>
  <method>newInstance</method>
  <thread>1</thread>
  <message>loaded com.sun.xml.bind.v2.ContextFactory from jar:file:/Users/at/.m2/repository/org/glassfish/jaxb/jaxb-runtime/2.3.1/jaxb-runtime-2.3.1.jar!/com/sun/xml/bind/v2/ContextFactory.class</message>
</record>
<record>
  <date>2024-03-07T05:20:51.463345Z</date>
  <millis>1709788851463</millis>
  <nanos>345000</nanos>
  <sequence>12</sequence>
  <logger>com.sun.xml.bind.v2.ContextFactory</logger>
  <level>FINE</level>
  <class>com.sun.xml.bind.v2.ContextFactory</class>
  <method>createContext</method>
  <thread>1</thread>
  <message>Property com.sun.xml.bind.XmlAccessorFactoryis not active.  Using JAXB's implementation</message>
</record>
<record>
  <date>2024-03-07T05:20:51.665676Z</date>
  <millis>1709788851665</millis>
  <nanos>676000</nanos>
  <sequence>13</sequence>
  <logger>org.University.Main</logger>
  <level>INFO</level>
  <class>org.University.Main</class>
  <method>main</method>
  <thread>1</thread>
  <message>End program</message>
</record>
</log>
<?xml version="1.0" encoding="UTF-8" standalone="no"?>
<!DOCTYPE log SYSTEM "logger.dtd">
<log>
<record>
  <date>2024-03-07T05:21:25.201640Z</date>
  <millis>1709788885201</millis>
  <nanos>640000</nanos>
  <sequence>0</sequence>
  <logger>org.University.Main</logger>
  <level>INFO</level>
  <class>org.University.Main</class>
  <method>main</method>
  <thread>1</thread>
  <message>Start program</message>
</record>
<record>
  <date>2024-03-07T05:21:25.973551Z</date>
  <millis>1709788885973</millis>
  <nanos>551000</nanos>
  <sequence>1</sequence>
  <logger>org.University.Main</logger>
  <level>INFO</level>
  <class>org.University.UtilStatistics</class>
  <method>getStatistic</method>
  <thread>1</thread>
  <message>[Профиль: Физика, средний балл: 4.54, кол-во студентов: 8, кол-во университетов: 2, названия универов: Московский Выдуманный Университет, Московский Придуманный Институт, Профиль: Медицина, средний балл: 4.33, кол-во студентов: 3, кол-во университетов: 3, названия универов: Московский Государственный Медицинский Университет, Тамбовский Университет Медицины, Самарский Медицинский Институт, Профиль: Лингвистика, средний балл: 0.0, кол-во студентов: 0, кол-во университетов: 1, названия универов: Воронежский Литературно-Переводческий Университет, Профиль: Математика, средний балл: 0.0, кол-во студентов: 0, кол-во университетов: 1, названия универов: Казанский Университет Вычислений]</message>
</record>
</log>
