<?xml version="1.0" encoding="UTF-8" standalone="no"?>
<!DOCTYPE log SYSTEM "logger.dtd">
<log>
<record>
  <date>2024-03-06T09:33:46.565993Z</date>
  <millis>1709717626565</millis>
  <nanos>993000</nanos>
  <sequence>2</sequence>
  <logger>javax.xml.bind</logger>
  <level>FINE</level>
  <class>javax.xml.bind.ContextFinder</class>
  <method>find</method>
  <thread>1</thread>
  <message>Searching jaxb.properties</message>
</record>
<record>
  <date>2024-03-06T09:33:46.566789Z</date>
  <millis>1709717626566</millis>
  <nanos>789000</nanos>
  <sequence>3</sequence>
  <logger>javax.xml.bind</logger>
  <level>FINE</level>
  <class>javax.xml.bind.ContextFinder</class>
  <method>getSystemProperty</method>
  <thread>1</thread>
  <message>Checking system property javax.xml.bind.JAXBContextFactory</message>
</record>
<record>
  <date>2024-03-06T09:33:46.567532Z</date>
  <millis>1709717626567</millis>
  <nanos>532000</nanos>
  <sequence>4</sequence>
  <logger>javax.xml.bind</logger>
  <level>FINE</level>
  <class>javax.xml.bind.ContextFinder</class>
  <method>getSystemProperty</method>
  <thread>1</thread>
  <message>  not found</message>
</record>
<record>
  <date>2024-03-06T09:33:46.567776Z</date>
  <millis>1709717626567</millis>
  <nanos>776000</nanos>
  <sequence>5</sequence>
  <logger>javax.xml.bind</logger>
  <level>FINE</level>
  <class>javax.xml.bind.ContextFinder</class>
  <method>getSystemProperty</method>
  <thread>1</thread>
  <message>Checking system property javax.xml.bind.context.factory</message>
</record>
<record>
  <date>2024-03-06T09:33:46.567998Z</date>
  <millis>1709717626567</millis>
  <nanos>998000</nanos>
  <sequence>6</sequence>
  <logger>javax.xml.bind</logger>
  <level>FINE</level>
  <class>javax.xml.bind.ContextFinder</class>
  <method>getSystemProperty</method>
  <thread>1</thread>
  <message>  not found</message>
</record>
<record>
  <date>2024-03-06T09:33:46.568174Z</date>
  <millis>1709717626568</millis>
  <nanos>174000</nanos>
  <sequence>7</sequence>
  <logger>javax.xml.bind</logger>
  <level>FINE</level>
  <class>javax.xml.bind.ContextFinder</class>
  <method>getSystemProperty</method>
  <thread>1</thread>
  <message>Checking system property javax.xml.bind.JAXBContext</message>
</record>
<record>
  <date>2024-03-06T09:33:46.568518Z</date>
  <millis>1709717626568</millis>
  <nanos>518000</nanos>
  <sequence>8</sequence>
  <logger>javax.xml.bind</logger>
  <level>FINE</level>
  <class>javax.xml.bind.ContextFinder</class>
  <method>getSystemProperty</method>
  <thread>1</thread>
  <message>  not found</message>
</record>
<record>
  <date>2024-03-06T09:33:46.570586Z</date>
  <millis>1709717626570</millis>
  <nanos>586000</nanos>
  <sequence>9</sequence>
  <logger>javax.xml.bind</logger>
  <level>FINE</level>
  <class>javax.xml.bind.ContextFinder</class>
  <method>firstByServiceLoaderDeprecated</method>
  <thread>1</thread>
  <message>Searching META-INF/services</message>
</record>
<record>
  <date>2024-03-06T09:33:46.571587Z</date>
  <millis>1709717626571</millis>
  <nanos>587000</nanos>
  <sequence>10</sequence>
  <logger>javax.xml.bind</logger>
  <level>FINE</level>
  <class>javax.xml.bind.ContextFinder</class>
  <method>firstByServiceLoaderDeprecated</method>
  <thread>1</thread>
  <message>Configured factorty class:com.sun.xml.bind.v2.ContextFactory</message>
</record>
<record>
  <date>2024-03-06T09:33:46.573192Z</date>
  <millis>1709717626573</millis>
  <nanos>192000</nanos>
  <sequence>11</sequence>
  <logger>javax.xml.bind</logger>
  <level>FINE</level>
  <class>javax.xml.bind.ContextFinder</class>
  <method>newInstance</method>
  <thread>1</thread>
  <message>loaded com.sun.xml.bind.v2.ContextFactory from jar:file:/Users/at/.m2/repository/org/glassfish/jaxb/jaxb-runtime/2.3.1/jaxb-runtime-2.3.1.jar!/com/sun/xml/bind/v2/ContextFactory.class</message>
</record>
<record>
  <date>2024-03-06T09:33:46.577832Z</date>
  <millis>1709717626577</millis>
  <nanos>832000</nanos>
  <sequence>12</sequence>
  <logger>com.sun.xml.bind.v2.ContextFactory</logger>
  <level>FINE</level>
  <class>com.sun.xml.bind.v2.ContextFactory</class>
  <method>createContext</method>
  <thread>1</thread>
  <message>Property com.sun.xml.bind.XmlAccessorFactoryis not active.  Using JAXB's implementation</message>
</record>
<record>
  <date>2024-03-06T09:33:46.675582Z</date>
  <millis>1709717626675</millis>
  <nanos>582000</nanos>
  <sequence>13</sequence>
  <logger>org.University.Main</logger>
  <level>INFO</level>
  <class>org.University.Main</class>
  <method>main</method>
  <thread>1</thread>
  <message>End program</message>
</record>
</log>
<?xml version="1.0" encoding="UTF-8" standalone="no"?>
<!DOCTYPE log SYSTEM "logger.dtd">
<log>
<record>
  <date>2024-03-06T09:33:59.854946Z</date>
  <millis>1709717639854</millis>
  <nanos>946000</nanos>
  <sequence>0</sequence>
  <logger>org.University.Main</logger>
  <level>INFO</level>
  <class>org.University.Main</class>
  <method>main</method>
  <thread>1</thread>
  <message>Start program</message>
</record>
<record>
  <date>2024-03-06T09:34:00.646589Z</date>
  <millis>1709717640646</millis>
  <nanos>589000</nanos>
  <sequence>1</sequence>
  <logger>org.University.Main</logger>
  <level>INFO</level>
  <class>org.University.UtilStatistics</class>
  <method>getStatistic</method>
  <thread>1</thread>
  <message>[Профиль: Физика, средний балл: 4.54, кол-во студентов: 8, кол-во университетов: 2, названия универов: Московский Выдуманный Университет, Московский Придуманный Институт, Профиль: Медицина, средний балл: 4.33, кол-во студентов: 3, кол-во университетов: 3, названия универов: Московский Государственный Медицинский Университет, Тамбовский Университет Медицины, Самарский Медицинский Институт, Профиль: Лингвистика, средний балл: 0.0, кол-во студентов: 0, кол-во университетов: 1, названия универов: Воронежский Литературно-Переводческий Университет, Профиль: Математика, средний балл: 0.0, кол-во студентов: 0, кол-во университетов: 1, названия универов: Казанский Университет Вычислений]</message>
</record>
<record>
  <date>2024-03-06T09:34:00.794074Z</date>
  <millis>1709717640794</millis>
  <nanos>74000</nanos>
  <sequence>2</sequence>
  <logger>javax.xml.bind</logger>
  <level>FINE</level>
  <class>javax.xml.bind.ContextFinder</class>
  <method>find</method>
  <thread>1</thread>
  <message>Searching jaxb.properties</message>
</record>
<record>
  <date>2024-03-06T09:34:00.794859Z</date>
  <millis>1709717640794</millis>
  <nanos>859000</nanos>
  <sequence>3</sequence>
  <logger>javax.xml.bind</logger>
  <level>FINE</level>
  <class>javax.xml.bind.ContextFinder</class>
  <method>getSystemProperty</method>
  <thread>1</thread>
  <message>Checking system property javax.xml.bind.JAXBContextFactory</message>
</record>
<record>
  <date>2024-03-06T09:34:00.796188Z</date>
  <millis>1709717640796</millis>
  <nanos>188000</nanos>
  <sequence>4</sequence>
  <logger>javax.xml.bind</logger>
  <level>FINE</level>
  <class>javax.xml.bind.ContextFinder</class>
  <method>getSystemProperty</method>
  <thread>1</thread>
  <message>  not found</message>
</record>
<record>
  <date>2024-03-06T09:34:00.796868Z</date>
  <millis>1709717640796</millis>
  <nanos>868000</nanos>
  <sequence>5</sequence>
  <logger>javax.xml.bind</logger>
  <level>FINE</level>
  <class>javax.xml.bind.ContextFinder</class>
  <method>getSystemProperty</method>
  <thread>1</thread>
  <message>Checking system property javax.xml.bind.context.factory</message>
</record>
<record>
  <date>2024-03-06T09:34:00.797318Z</date>
  <millis>1709717640797</millis>
  <nanos>318000</nanos>
  <sequence>6</sequence>
  <logger>javax.xml.bind</logger>
  <level>FINE</level>
  <class>javax.xml.bind.ContextFinder</class>
  <method>getSystemProperty</method>
  <thread>1</thread>
  <message>  not found</message>
</record>
<record>
  <date>2024-03-06T09:34:00.797681Z</date>
  <millis>1709717640797</millis>
  <nanos>681000</nanos>
  <sequence>7</sequence>
  <logger>javax.xml.bind</logger>
  <level>FINE</level>
  <class>javax.xml.bind.ContextFinder</class>
  <method>getSystemProperty</method>
  <thread>1</thread>
  <message>Checking system property javax.xml.bind.JAXBContext</message>
</record>
<record>
  <date>2024-03-06T09:34:00.798061Z</date>
  <millis>1709717640798</millis>
  <nanos>61000</nanos>
  <sequence>8</sequence>
  <logger>javax.xml.bind</logger>
  <level>FINE</level>
  <class>javax.xml.bind.ContextFinder</class>
  <method>getSystemProperty</method>
  <thread>1</thread>
  <message>  not found</message>
</record>
<record>
  <date>2024-03-06T09:34:00.799404Z</date>
  <millis>1709717640799</millis>
  <nanos>404000</nanos>
  <sequence>9</sequence>
  <logger>javax.xml.bind</logger>
  <level>FINE</level>
  <class>javax.xml.bind.ContextFinder</class>
  <method>firstByServiceLoaderDeprecated</method>
  <thread>1</thread>
  <message>Searching META-INF/services</message>
</record>
<record>
  <date>2024-03-06T09:34:00.800391Z</date>
  <millis>1709717640800</millis>
  <nanos>391000</nanos>
  <sequence>10</sequence>
  <logger>javax.xml.bind</logger>
  <level>FINE</level>
  <class>javax.xml.bind.ContextFinder</class>
  <method>firstByServiceLoaderDeprecated</method>
  <thread>1</thread>
  <message>Configured factorty class:com.sun.xml.bind.v2.ContextFactory</message>
</record>
<record>
  <date>2024-03-06T09:34:00.801801Z</date>
  <millis>1709717640801</millis>
  <nanos>801000</nanos>
  <sequence>11</sequence>
  <logger>javax.xml.bind</logger>
  <level>FINE</level>
  <class>javax.xml.bind.ContextFinder</class>
  <method>newInstance</method>
  <thread>1</thread>
  <message>loaded com.sun.xml.bind.v2.ContextFactory from jar:file:/Users/at/.m2/repository/org/glassfish/jaxb/jaxb-runtime/2.3.1/jaxb-runtime-2.3.1.jar!/com/sun/xml/bind/v2/ContextFactory.class</message>
</record>
<record>
  <date>2024-03-06T09:34:00.806420Z</date>
  <millis>1709717640806</millis>
  <nanos>420000</nanos>
  <sequence>12</sequence>
  <logger>com.sun.xml.bind.v2.ContextFactory</logger>
  <level>FINE</level>
  <class>com.sun.xml.bind.v2.ContextFactory</class>
  <method>createContext</method>
  <thread>1</thread>
  <message>Property com.sun.xml.bind.XmlAccessorFactoryis not active.  Using JAXB's implementation</message>
</record>
<record>
  <date>2024-03-06T09:34:00.897427Z</date>
  <millis>1709717640897</millis>
  <nanos>427000</nanos>
  <sequence>13</sequence>
  <logger>org.University.Main</logger>
  <level>INFO</level>
  <class>org.University.Main</class>
  <method>main</method>
  <thread>1</thread>
  <message>End program</message>
</record>
</log>
<?xml version="1.0" encoding="UTF-8" standalone="no"?>
<!DOCTYPE log SYSTEM "logger.dtd">
<log>
<record>
  <date>2024-03-06T09:36:35.047191Z</date>
  <millis>1709717795047</millis>
  <nanos>191000</nanos>
  <sequence>0</sequence>
  <logger>org.University.Main</logger>
  <level>INFO</level>
  <class>org.University.Main</class>
  <method>main</method>
  <thread>1</thread>
  <message>Start program</message>
</record>
<record>
  <date>2024-03-06T09:36:35.852061Z</date>
  <millis>1709717795852</millis>
  <nanos>61000</nanos>
  <sequence>1</sequence>
  <logger>org.University.Main</logger>
  <level>INFO</level>
  <class>org.University.UtilStatistics</class>
  <method>getStatistic</method>
  <thread>1</thread>
  <message>[Профиль: Физика, средний балл: 4.54, кол-во студентов: 8, кол-во университетов: 2, названия универов: Московский Выдуманный Университет, Московский Придуманный Институт, Профиль: Медицина, средний балл: 4.33, кол-во студентов: 3, кол-во университетов: 3, названия универов: Московский Государственный Медицинский Университет, Тамбовский Университет Медицины, Самарский Медицинский Институт, Профиль: Лингвистика, средний балл: 0.0, кол-во студентов: 0, кол-во университетов: 1, названия универов: Воронежский Литературно-Переводческий Университет, Профиль: Математика, средний балл: 0.0, кол-во студентов: 0, кол-во университетов: 1, названия универов: Казанский Университет Вычислений]</message>
</record>
<record>
  <date>2024-03-06T09:36:36.002178Z</date>
  <millis>1709717796002</millis>
  <nanos>178000</nanos>
  <sequence>2</sequence>
  <logger>javax.xml.bind</logger>
  <level>FINE</level>
  <class>javax.xml.bind.ContextFinder</class>
  <method>find</method>
  <thread>1</thread>
  <message>Searching jaxb.properties</message>
</record>
<record>
  <date>2024-03-06T09:36:36.002882Z</date>
  <millis>1709717796002</millis>
  <nanos>882000</nanos>
  <sequence>3</sequence>
  <logger>javax.xml.bind</logger>
  <level>FINE</level>
  <class>javax.xml.bind.ContextFinder</class>
  <method>getSystemProperty</method>
  <thread>1</thread>
  <message>Checking system property javax.xml.bind.JAXBContextFactory</message>
</record>
<record>
  <date>2024-03-06T09:36:36.003774Z</date>
  <millis>1709717796003</millis>
  <nanos>774000</nanos>
  <sequence>4</sequence>
  <logger>javax.xml.bind</logger>
  <level>FINE</level>
  <class>javax.xml.bind.ContextFinder</class>
  <method>getSystemProperty</method>
  <thread>1</thread>
  <message>  not found</message>
</record>
<record>
  <date>2024-03-06T09:36:36.004108Z</date>
  <millis>1709717796004</millis>
  <nanos>108000</nanos>
  <sequence>5</sequence>
  <logger>javax.xml.bind</logger>
  <level>FINE</level>
  <class>javax.xml.bind.ContextFinder</class>
  <method>getSystemProperty</method>
  <thread>1</thread>
  <message>Checking system property javax.xml.bind.context.factory</message>
</record>
<record>
  <date>2024-03-06T09:36:36.004431Z</date>
  <millis>1709717796004</millis>
  <nanos>431000</nanos>
  <sequence>6</sequence>
  <logger>javax.xml.bind</logger>
  <level>FINE</level>
  <class>javax.xml.bind.ContextFinder</class>
  <method>getSystemProperty</method>
  <thread>1</thread>
  <message>  not found</message>
</record>
<record>
  <date>2024-03-06T09:36:36.004727Z</date>
  <millis>1709717796004</millis>
  <nanos>727000</nanos>
  <sequence>7</sequence>
  <logger>javax.xml.bind</logger>
  <level>FINE</level>
  <class>javax.xml.bind.ContextFinder</class>
  <method>getSystemProperty</method>
  <thread>1</thread>
  <message>Checking system property javax.xml.bind.JAXBContext</message>
</record>
<record>
  <date>2024-03-06T09:36:36.005015Z</date>
  <millis>1709717796005</millis>
  <nanos>15000</nanos>
  <sequence>8</sequence>
  <logger>javax.xml.bind</logger>
  <level>FINE</level>
  <class>javax.xml.bind.ContextFinder</class>
  <method>getSystemProperty</method>
  <thread>1</thread>
  <message>  not found</message>
</record>
<record>
  <date>2024-03-06T09:36:36.005964Z</date>
  <millis>1709717796005</millis>
  <nanos>964000</nanos>
  <sequence>9</sequence>
  <logger>javax.xml.bind</logger>
  <level>FINE</level>
  <class>javax.xml.bind.ContextFinder</class>
  <method>firstByServiceLoaderDeprecated</method>
  <thread>1</thread>
  <message>Searching META-INF/services</message>
</record>
<record>
  <date>2024-03-06T09:36:36.006751Z</date>
  <millis>1709717796006</millis>
  <nanos>751000</nanos>
  <sequence>10</sequence>
  <logger>javax.xml.bind</logger>
  <level>FINE</level>
  <class>javax.xml.bind.ContextFinder</class>
  <method>firstByServiceLoaderDeprecated</method>
  <thread>1</thread>
  <message>Configured factorty class:com.sun.xml.bind.v2.ContextFactory</message>
</record>
<record>
  <date>2024-03-06T09:36:36.008343Z</date>
  <millis>1709717796008</millis>
  <nanos>343000</nanos>
  <sequence>11</sequence>
  <logger>javax.xml.bind</logger>
  <level>FINE</level>
  <class>javax.xml.bind.ContextFinder</class>
  <method>newInstance</method>
  <thread>1</thread>
  <message>loaded com.sun.xml.bind.v2.ContextFactory from jar:file:/Users/at/.m2/repository/org/glassfish/jaxb/jaxb-runtime/2.3.1/jaxb-runtime-2.3.1.jar!/com/sun/xml/bind/v2/ContextFactory.class</message>
</record>
<record>
  <date>2024-03-06T09:36:36.014878Z</date>
  <millis>1709717796014</millis>
  <nanos>878000</nanos>
  <sequence>12</sequence>
  <logger>com.sun.xml.bind.v2.ContextFactory</logger>
  <level>FINE</level>
  <class>com.sun.xml.bind.v2.ContextFactory</class>
  <method>createContext</method>
  <thread>1</thread>
  <message>Property com.sun.xml.bind.XmlAccessorFactoryis not active.  Using JAXB's implementation</message>
</record>
</log>
<?xml version="1.0" encoding="UTF-8" standalone="no"?>
<!DOCTYPE log SYSTEM "logger.dtd">
<log>
<record>
  <date>2024-03-06T09:36:47.750276Z</date>
  <millis>1709717807750</millis>
  <nanos>276000</nanos>
  <sequence>0</sequence>
  <logger>org.University.Main</logger>
  <level>INFO</level>
  <class>org.University.Main</class>
  <method>main</method>
  <thread>1</thread>
  <message>Start program</message>
</record>
<record>
  <date>2024-03-06T09:36:48.493757Z</date>
  <millis>1709717808493</millis>
  <nanos>757000</nanos>
  <sequence>1</sequence>
  <logger>org.University.Main</logger>
  <level>INFO</level>
  <class>org.University.UtilStatistics</class>
  <method>getStatistic</method>
  <thread>1</thread>
  <message>[Профиль: Физика, средний балл: 4.54, кол-во студентов: 8, кол-во университетов: 2, названия универов: Московский Выдуманный Университет, Московский Придуманный Институт, Профиль: Медицина, средний балл: 4.33, кол-во студентов: 3, кол-во университетов: 3, названия универов: Московский Государственный Медицинский Университет, Тамбовский Университет Медицины, Самарский Медицинский Институт, Профиль: Лингвистика, средний балл: 0.0, кол-во студентов: 0, кол-во университетов: 1, названия универов: Воронежский Литературно-Переводческий Университет, Профиль: Математика, средний балл: 0.0, кол-во студентов: 0, кол-во университетов: 1, названия универов: Казанский Университет Вычислений]</message>
</record>
<record>
  <date>2024-03-06T09:36:48.625250Z</date>
  <millis>1709717808625</millis>
  <nanos>250000</nanos>
  <sequence>2</sequence>
  <logger>javax.xml.bind</logger>
  <level>FINE</level>
  <class>javax.xml.bind.ContextFinder</class>
  <method>find</method>
  <thread>1</thread>
  <message>Searching jaxb.properties</message>
</record>
<record>
  <date>2024-03-06T09:36:48.625950Z</date>
  <millis>1709717808625</millis>
  <nanos>950000</nanos>
  <sequence>3</sequence>
  <logger>javax.xml.bind</logger>
  <level>FINE</level>
  <class>javax.xml.bind.ContextFinder</class>
  <method>getSystemProperty</method>
  <thread>1</thread>
  <message>Checking system property javax.xml.bind.JAXBContextFactory</message>
</record>
<record>
  <date>2024-03-06T09:36:48.626826Z</date>
  <millis>1709717808626</millis>
  <nanos>826000</nanos>
  <sequence>4</sequence>
  <logger>javax.xml.bind</logger>
  <level>FINE</level>
  <class>javax.xml.bind.ContextFinder</class>
  <method>getSystemProperty</method>
  <thread>1</thread>
  <message>  not found</message>
</record>
<record>
  <date>2024-03-06T09:36:48.627218Z</date>
  <millis>1709717808627</millis>
  <nanos>218000</nanos>
  <sequence>5</sequence>
  <logger>javax.xml.bind</logger>
  <level>FINE</level>
  <class>javax.xml.bind.ContextFinder</class>
  <method>getSystemProperty</method>
  <thread>1</thread>
  <message>Checking system property javax.xml.bind.context.factory</message>
</record>
<record>
  <date>2024-03-06T09:36:48.627626Z</date>
  <millis>1709717808627</millis>
  <nanos>626000</nanos>
  <sequence>6</sequence>
  <logger>javax.xml.bind</logger>
  <level>FINE</level>
  <class>javax.xml.bind.ContextFinder</class>
  <method>getSystemProperty</method>
  <thread>1</thread>
  <message>  not found</message>
</record>
<record>
  <date>2024-03-06T09:36:48.627933Z</date>
  <millis>1709717808627</millis>
  <nanos>933000</nanos>
  <sequence>7</sequence>
  <logger>javax.xml.bind</logger>
  <level>FINE</level>
  <class>javax.xml.bind.ContextFinder</class>
  <method>getSystemProperty</method>
  <thread>1</thread>
  <message>Checking system property javax.xml.bind.JAXBContext</message>
</record>
<record>
  <date>2024-03-06T09:36:48.628274Z</date>
  <millis>1709717808628</millis>
  <nanos>274000</nanos>
  <sequence>8</sequence>
  <logger>javax.xml.bind</logger>
  <level>FINE</level>
  <class>javax.xml.bind.ContextFinder</class>
  <method>getSystemProperty</method>
  <thread>1</thread>
  <message>  not found</message>
</record>
<record>
  <date>2024-03-06T09:36:48.629541Z</date>
  <millis>1709717808629</millis>
  <nanos>541000</nanos>
  <sequence>9</sequence>
  <logger>javax.xml.bind</logger>
  <level>FINE</level>
  <class>javax.xml.bind.ContextFinder</class>
  <method>firstByServiceLoaderDeprecated</method>
  <thread>1</thread>
  <message>Searching META-INF/services</message>
</record>
<record>
  <date>2024-03-06T09:36:48.630564Z</date>
  <millis>1709717808630</millis>
  <nanos>564000</nanos>
  <sequence>10</sequence>
  <logger>javax.xml.bind</logger>
  <level>FINE</level>
  <class>javax.xml.bind.ContextFinder</class>
  <method>firstByServiceLoaderDeprecated</method>
  <thread>1</thread>
  <message>Configured factorty class:com.sun.xml.bind.v2.ContextFactory</message>
</record>
<record>
  <date>2024-03-06T09:36:48.632403Z</date>
  <millis>1709717808632</millis>
  <nanos>403000</nanos>
  <sequence>11</sequence>
  <logger>javax.xml.bind</logger>
  <level>FINE</level>
  <class>javax.xml.bind.ContextFinder</class>
  <method>newInstance</method>
  <thread>1</thread>
  <message>loaded com.sun.xml.bind.v2.ContextFactory from jar:file:/Users/at/.m2/repository/org/glassfish/jaxb/jaxb-runtime/2.3.1/jaxb-runtime-2.3.1.jar!/com/sun/xml/bind/v2/ContextFactory.class</message>
</record>
<record>
  <date>2024-03-06T09:36:48.636863Z</date>
  <millis>1709717808636</millis>
  <nanos>863000</nanos>
  <sequence>12</sequence>
  <logger>com.sun.xml.bind.v2.ContextFactory</logger>
  <level>FINE</level>
  <class>com.sun.xml.bind.v2.ContextFactory</class>
  <method>createContext</method>
  <thread>1</thread>
  <message>Property com.sun.xml.bind.XmlAccessorFactoryis not active.  Using JAXB's implementation</message>
</record>
<record>
  <date>2024-03-06T09:36:48.720810Z</date>
  <millis>1709717808720</millis>
  <nanos>810000</nanos>
  <sequence>13</sequence>
  <logger>org.University.Main</logger>
  <level>INFO</level>
  <class>org.University.Main</class>
  <method>main</method>
  <thread>1</thread>
  <message>End program</message>
</record>
</log>
<?xml version="1.0" encoding="UTF-8" standalone="no"?>
<!DOCTYPE log SYSTEM "logger.dtd">
<log>
<record>
  <date>2024-03-06T09:37:06.754939Z</date>
  <millis>1709717826754</millis>
  <nanos>939000</nanos>
  <sequence>0</sequence>
  <logger>org.University.Main</logger>
  <level>INFO</level>
  <class>org.University.Main</class>
  <method>main</method>
  <thread>1</thread>
  <message>Start program</message>
</record>
<record>
  <date>2024-03-06T09:37:07.475848Z</date>
  <millis>1709717827475</millis>
  <nanos>848000</nanos>
  <sequence>1</sequence>
  <logger>org.University.Main</logger>
  <level>INFO</level>
  <class>org.University.UtilStatistics</class>
  <method>getStatistic</method>
  <thread>1</thread>
  <message>[Профиль: Физика, средний балл: 4.54, кол-во студентов: 8, кол-во университетов: 2, названия универов: Московский Выдуманный Университет, Московский Придуманный Институт, Профиль: Медицина, средний балл: 4.33, кол-во студентов: 3, кол-во университетов: 3, названия универов: Московский Государственный Медицинский Университет, Тамбовский Университет Медицины, Самарский Медицинский Институт, Профиль: Лингвистика, средний балл: 0.0, кол-во студентов: 0, кол-во университетов: 1, названия универов: Воронежский Литературно-Переводческий Университет, Профиль: Математика, средний балл: 0.0, кол-во студентов: 0, кол-во университетов: 1, названия универов: Казанский Университет Вычислений]</message>
</record>
<record>
  <date>2024-03-06T09:37:07.611706Z</date>
  <millis>1709717827611</millis>
  <nanos>706000</nanos>
  <sequence>2</sequence>
  <logger>javax.xml.bind</logger>
  <level>FINE</level>
  <class>javax.xml.bind.ContextFinder</class>
  <method>find</method>
  <thread>1</thread>
  <message>Searching jaxb.properties</message>
</record>
<record>
  <date>2024-03-06T09:37:07.612673Z</date>
  <millis>1709717827612</millis>
  <nanos>673000</nanos>
  <sequence>3</sequence>
  <logger>javax.xml.bind</logger>
  <level>FINE</level>
  <class>javax.xml.bind.ContextFinder</class>
  <method>getSystemProperty</method>
  <thread>1</thread>
  <message>Checking system property javax.xml.bind.JAXBContextFactory</message>
</record>
<record>
  <date>2024-03-06T09:37:07.613489Z</date>
  <millis>1709717827613</millis>
  <nanos>489000</nanos>
  <sequence>4</sequence>
  <logger>javax.xml.bind</logger>
  <level>FINE</level>
  <class>javax.xml.bind.ContextFinder</class>
  <method>getSystemProperty</method>
  <thread>1</thread>
  <message>  not found</message>
</record>
<record>
  <date>2024-03-06T09:37:07.613740Z</date>
  <millis>1709717827613</millis>
  <nanos>740000</nanos>
  <sequence>5</sequence>
  <logger>javax.xml.bind</logger>
  <level>FINE</level>
  <class>javax.xml.bind.ContextFinder</class>
  <method>getSystemProperty</method>
  <thread>1</thread>
  <message>Checking system property javax.xml.bind.context.factory</message>
</record>
<record>
  <date>2024-03-06T09:37:07.613989Z</date>
  <millis>1709717827613</millis>
  <nanos>989000</nanos>
  <sequence>6</sequence>
  <logger>javax.xml.bind</logger>
  <level>FINE</level>
  <class>javax.xml.bind.ContextFinder</class>
  <method>getSystemProperty</method>
  <thread>1</thread>
  <message>  not found</message>
</record>
<record>
  <date>2024-03-06T09:37:07.614152Z</date>
  <millis>1709717827614</millis>
  <nanos>152000</nanos>
  <sequence>7</sequence>
  <logger>javax.xml.bind</logger>
  <level>FINE</level>
  <class>javax.xml.bind.ContextFinder</class>
  <method>getSystemProperty</method>
  <thread>1</thread>
  <message>Checking system property javax.xml.bind.JAXBContext</message>
</record>
<record>
  <date>2024-03-06T09:37:07.614327Z</date>
  <millis>1709717827614</millis>
  <nanos>327000</nanos>
  <sequence>8</sequence>
  <logger>javax.xml.bind</logger>
  <level>FINE</level>
  <class>javax.xml.bind.ContextFinder</class>
  <method>getSystemProperty</method>
  <thread>1</thread>
  <message>  not found</message>
</record>
<record>
  <date>2024-03-06T09:37:07.615229Z</date>
  <millis>1709717827615</millis>
  <nanos>229000</nanos>
  <sequence>9</sequence>
  <logger>javax.xml.bind</logger>
  <level>FINE</level>
  <class>javax.xml.bind.ContextFinder</class>
  <method>firstByServiceLoaderDeprecated</method>
  <thread>1</thread>
  <message>Searching META-INF/services</message>
</record>
<record>
  <date>2024-03-06T09:37:07.616020Z</date>
  <millis>1709717827616</millis>
  <nanos>20000</nanos>
  <sequence>10</sequence>
  <logger>javax.xml.bind</logger>
  <level>FINE</level>
  <class>javax.xml.bind.ContextFinder</class>
  <method>firstByServiceLoaderDeprecated</method>
  <thread>1</thread>
  <message>Configured factorty class:com.sun.xml.bind.v2.ContextFactory</message>
</record>
<record>
  <date>2024-03-06T09:37:07.617296Z</date>
  <millis>1709717827617</millis>
  <nanos>296000</nanos>
  <sequence>11</sequence>
  <logger>javax.xml.bind</logger>
  <level>FINE</level>
  <class>javax.xml.bind.ContextFinder</class>
  <method>newInstance</method>
  <thread>1</thread>
  <message>loaded com.sun.xml.bind.v2.ContextFactory from jar:file:/Users/at/.m2/repository/org/glassfish/jaxb/jaxb-runtime/2.3.1/jaxb-runtime-2.3.1.jar!/com/sun/xml/bind/v2/ContextFactory.class</message>
</record>
<record>
  <date>2024-03-06T09:37:07.621599Z</date>
  <millis>1709717827621</millis>
  <nanos>599000</nanos>
  <sequence>12</sequence>
  <logger>com.sun.xml.bind.v2.ContextFactory</logger>
  <level>FINE</level>
  <class>com.sun.xml.bind.v2.ContextFactory</class>
  <method>createContext</method>
  <thread>1</thread>
  <message>Property com.sun.xml.bind.XmlAccessorFactoryis not active.  Using JAXB's implementation</message>
</record>
<record>
  <date>2024-03-06T09:37:07.713576Z</date>
  <millis>1709717827713</millis>
  <nanos>576000</nanos>
  <sequence>13</sequence>
  <logger>org.University.Main</logger>
  <level>INFO</level>
  <class>org.University.Main</class>
  <method>main</method>
  <thread>1</thread>
  <message>End program</message>
</record>
</log>
<?xml version="1.0" encoding="UTF-8" standalone="no"?>
<!DOCTYPE log SYSTEM "logger.dtd">
<log>
<record>
  <date>2024-03-06T09:37:49.632837Z</date>
  <millis>1709717869632</millis>
  <nanos>837000</nanos>
  <sequence>0</sequence>
  <logger>org.University.Main</logger>
  <level>INFO</level>
  <class>org.University.Main</class>
  <method>main</method>
  <thread>1</thread>
  <message>Start program</message>
</record>
<record>
  <date>2024-03-06T09:37:50.391486Z</date>
  <millis>1709717870391</millis>
  <nanos>486000</nanos>
  <sequence>1</sequence>
  <logger>org.University.Main</logger>
  <level>INFO</level>
  <class>org.University.UtilStatistics</class>
  <method>getStatistic</method>
  <thread>1</thread>
  <message>[Профиль: Физика, средний балл: 4.54, кол-во студентов: 8, кол-во университетов: 2, названия универов: Московский Выдуманный Университет, Московский Придуманный Институт, Профиль: Медицина, средний балл: 4.33, кол-во студентов: 3, кол-во университетов: 3, названия универов: Московский Государственный Медицинский Университет, Тамбовский Университет Медицины, Самарский Медицинский Институт, Профиль: Лингвистика, средний балл: 0.0, кол-во студентов: 0, кол-во университетов: 1, названия универов: Воронежский Литературно-Переводческий Университет, Профиль: Математика, средний балл: 0.0, кол-во студентов: 0, кол-во университетов: 1, названия универов: Казанский Университет Вычислений]</message>
</record>
<record>
  <date>2024-03-06T09:37:50.535414Z</date>
  <millis>1709717870535</millis>
  <nanos>414000</nanos>
  <sequence>2</sequence>
  <logger>javax.xml.bind</logger>
  <level>FINE</level>
  <class>javax.xml.bind.ContextFinder</class>
  <method>find</method>
  <thread>1</thread>
  <message>Searching jaxb.properties</message>
</record>
<record>
  <date>2024-03-06T09:37:50.535927Z</date>
  <millis>1709717870535</millis>
  <nanos>927000</nanos>
  <sequence>3</sequence>
  <logger>javax.xml.bind</logger>
  <level>FINE</level>
  <class>javax.xml.bind.ContextFinder</class>
  <method>getSystemProperty</method>
  <thread>1</thread>
  <message>Checking system property javax.xml.bind.JAXBContextFactory</message>
</record>
<record>
  <date>2024-03-06T09:37:50.536641Z</date>
  <millis>1709717870536</millis>
  <nanos>641000</nanos>
  <sequence>4</sequence>
  <logger>javax.xml.bind</logger>
  <level>FINE</level>
  <class>javax.xml.bind.ContextFinder</class>
  <method>getSystemProperty</method>
  <thread>1</thread>
  <message>  not found</message>
</record>
<record>
  <date>2024-03-06T09:37:50.536875Z</date>
  <millis>1709717870536</millis>
  <nanos>875000</nanos>
  <sequence>5</sequence>
  <logger>javax.xml.bind</logger>
  <level>FINE</level>
  <class>javax.xml.bind.ContextFinder</class>
  <method>getSystemProperty</method>
  <thread>1</thread>
  <message>Checking system property javax.xml.bind.context.factory</message>
</record>
<record>
  <date>2024-03-06T09:37:50.537077Z</date>
  <millis>1709717870537</millis>
  <nanos>77000</nanos>
  <sequence>6</sequence>
  <logger>javax.xml.bind</logger>
  <level>FINE</level>
  <class>javax.xml.bind.ContextFinder</class>
  <method>getSystemProperty</method>
  <thread>1</thread>
  <message>  not found</message>
</record>
<record>
  <date>2024-03-06T09:37:50.537237Z</date>
  <millis>1709717870537</millis>
  <nanos>237000</nanos>
  <sequence>7</sequence>
  <logger>javax.xml.bind</logger>
  <level>FINE</level>
  <class>javax.xml.bind.ContextFinder</class>
  <method>getSystemProperty</method>
  <thread>1</thread>
  <message>Checking system property javax.xml.bind.JAXBContext</message>
</record>
<record>
  <date>2024-03-06T09:37:50.537426Z</date>
  <millis>1709717870537</millis>
  <nanos>426000</nanos>
  <sequence>8</sequence>
  <logger>javax.xml.bind</logger>
  <level>FINE</level>
  <class>javax.xml.bind.ContextFinder</class>
  <method>getSystemProperty</method>
  <thread>1</thread>
  <message>  not found</message>
</record>
<record>
  <date>2024-03-06T09:37:50.538851Z</date>
  <millis>1709717870538</millis>
  <nanos>851000</nanos>
  <sequence>9</sequence>
  <logger>javax.xml.bind</logger>
  <level>FINE</level>
  <class>javax.xml.bind.ContextFinder</class>
  <method>firstByServiceLoaderDeprecated</method>
  <thread>1</thread>
  <message>Searching META-INF/services</message>
</record>
<record>
  <date>2024-03-06T09:37:50.539987Z</date>
  <millis>1709717870539</millis>
  <nanos>987000</nanos>
  <sequence>10</sequence>
  <logger>javax.xml.bind</logger>
  <level>FINE</level>
  <class>javax.xml.bind.ContextFinder</class>
  <method>firstByServiceLoaderDeprecated</method>
  <thread>1</thread>
  <message>Configured factorty class:com.sun.xml.bind.v2.ContextFactory</message>
</record>
<record>
  <date>2024-03-06T09:37:50.541687Z</date>
  <millis>1709717870541</millis>
  <nanos>687000</nanos>
  <sequence>11</sequence>
  <logger>javax.xml.bind</logger>
  <level>FINE</level>
  <class>javax.xml.bind.ContextFinder</class>
  <method>newInstance</method>
  <thread>1</thread>
  <message>loaded com.sun.xml.bind.v2.ContextFactory from jar:file:/Users/at/.m2/repository/org/glassfish/jaxb/jaxb-runtime/2.3.1/jaxb-runtime-2.3.1.jar!/com/sun/xml/bind/v2/ContextFactory.class</message>
</record>
<record>
  <date>2024-03-06T09:37:50.546481Z</date>
  <millis>1709717870546</millis>
  <nanos>481000</nanos>
  <sequence>12</sequence>
  <logger>com.sun.xml.bind.v2.ContextFactory</logger>
  <level>FINE</level>
  <class>com.sun.xml.bind.v2.ContextFactory</class>
  <method>createContext</method>
  <thread>1</thread>
  <message>Property com.sun.xml.bind.XmlAccessorFactoryis not active.  Using JAXB's implementation</message>
</record>
<record>
  <date>2024-03-06T09:37:50.636993Z</date>
  <millis>1709717870636</millis>
  <nanos>993000</nanos>
  <sequence>13</sequence>
  <logger>org.University.Main</logger>
  <level>INFO</level>
  <class>org.University.Main</class>
  <method>main</method>
  <thread>1</thread>
  <message>End program</message>
</record>
</log>
<?xml version="1.0" encoding="UTF-8" standalone="no"?>
<!DOCTYPE log SYSTEM "logger.dtd">
<log>
<record>
  <date>2024-03-06T09:38:07.817821Z</date>
  <millis>1709717887817</millis>
  <nanos>821000</nanos>
  <sequence>0</sequence>
  <logger>org.University.Main</logger>
  <level>INFO</level>
  <class>org.University.Main</class>
  <method>main</method>
  <thread>1</thread>
  <message>Start program</message>
</record>
<record>
  <date>2024-03-06T09:38:08.550646Z</date>
  <millis>1709717888550</millis>
  <nanos>646000</nanos>
  <sequence>1</sequence>
  <logger>org.University.Main</logger>
  <level>INFO</level>
  <class>org.University.UtilStatistics</class>
  <method>getStatistic</method>
  <thread>1</thread>
  <message>[Профиль: Физика, средний балл: 4.54, кол-во студентов: 8, кол-во университетов: 2, названия универов: Московский Выдуманный Университет, Московский Придуманный Институт, Профиль: Медицина, средний балл: 4.33, кол-во студентов: 3, кол-во университетов: 3, названия универов: Московский Государственный Медицинский Университет, Тамбовский Университет Медицины, Самарский Медицинский Институт, Профиль: Лингвистика, средний балл: 0.0, кол-во студентов: 0, кол-во университетов: 1, названия универов: Воронежский Литературно-Переводческий Университет, Профиль: Математика, средний балл: 0.0, кол-во студентов: 0, кол-во университетов: 1, названия универов: Казанский Университет Вычислений]</message>
</record>
<record>
  <date>2024-03-06T09:38:08.693148Z</date>
  <millis>1709717888693</millis>
  <nanos>148000</nanos>
  <sequence>2</sequence>
  <logger>javax.xml.bind</logger>
  <level>FINE</level>
  <class>javax.xml.bind.ContextFinder</class>
  <method>find</method>
  <thread>1</thread>
  <message>Searching jaxb.properties</message>
</record>
<record>
  <date>2024-03-06T09:38:08.693661Z</date>
  <millis>1709717888693</millis>
  <nanos>661000</nanos>
  <sequence>3</sequence>
  <logger>javax.xml.bind</logger>
  <level>FINE</level>
  <class>javax.xml.bind.ContextFinder</class>
  <method>getSystemProperty</method>
  <thread>1</thread>
  <message>Checking system property javax.xml.bind.JAXBContextFactory</message>
</record>
<record>
  <date>2024-03-06T09:38:08.694487Z</date>
  <millis>1709717888694</millis>
  <nanos>487000</nanos>
  <sequence>4</sequence>
  <logger>javax.xml.bind</logger>
  <level>FINE</level>
  <class>javax.xml.bind.ContextFinder</class>
  <method>getSystemProperty</method>
  <thread>1</thread>
  <message>  not found</message>
</record>
<record>
  <date>2024-03-06T09:38:08.694888Z</date>
  <millis>1709717888694</millis>
  <nanos>888000</nanos>
  <sequence>5</sequence>
  <logger>javax.xml.bind</logger>
  <level>FINE</level>
  <class>javax.xml.bind.ContextFinder</class>
  <method>getSystemProperty</method>
  <thread>1</thread>
  <message>Checking system property javax.xml.bind.context.factory</message>
</record>
<record>
  <date>2024-03-06T09:38:08.695248Z</date>
  <millis>1709717888695</millis>
  <nanos>248000</nanos>
  <sequence>6</sequence>
  <logger>javax.xml.bind</logger>
  <level>FINE</level>
  <class>javax.xml.bind.ContextFinder</class>
  <method>getSystemProperty</method>
  <thread>1</thread>
  <message>  not found</message>
</record>
<record>
  <date>2024-03-06T09:38:08.695519Z</date>
  <millis>1709717888695</millis>
  <nanos>519000</nanos>
  <sequence>7</sequence>
  <logger>javax.xml.bind</logger>
  <level>FINE</level>
  <class>javax.xml.bind.ContextFinder</class>
  <method>getSystemProperty</method>
  <thread>1</thread>
  <message>Checking system property javax.xml.bind.JAXBContext</message>
</record>
<record>
  <date>2024-03-06T09:38:08.695828Z</date>
  <millis>1709717888695</millis>
  <nanos>828000</nanos>
  <sequence>8</sequence>
  <logger>javax.xml.bind</logger>
  <level>FINE</level>
  <class>javax.xml.bind.ContextFinder</class>
  <method>getSystemProperty</method>
  <thread>1</thread>
  <message>  not found</message>
</record>
<record>
  <date>2024-03-06T09:38:08.697114Z</date>
  <millis>1709717888697</millis>
  <nanos>114000</nanos>
  <sequence>9</sequence>
  <logger>javax.xml.bind</logger>
  <level>FINE</level>
  <class>javax.xml.bind.ContextFinder</class>
  <method>firstByServiceLoaderDeprecated</method>
  <thread>1</thread>
  <message>Searching META-INF/services</message>
</record>
<record>
  <date>2024-03-06T09:38:08.698197Z</date>
  <millis>1709717888698</millis>
  <nanos>197000</nanos>
  <sequence>10</sequence>
  <logger>javax.xml.bind</logger>
  <level>FINE</level>
  <class>javax.xml.bind.ContextFinder</class>
  <method>firstByServiceLoaderDeprecated</method>
  <thread>1</thread>
  <message>Configured factorty class:com.sun.xml.bind.v2.ContextFactory</message>
</record>
<record>
  <date>2024-03-06T09:38:08.699959Z</date>
  <millis>1709717888699</millis>
  <nanos>959000</nanos>
  <sequence>11</sequence>
  <logger>javax.xml.bind</logger>
  <level>FINE</level>
  <class>javax.xml.bind.ContextFinder</class>
  <method>newInstance</method>
  <thread>1</thread>
  <message>loaded com.sun.xml.bind.v2.ContextFactory from jar:file:/Users/at/.m2/repository/org/glassfish/jaxb/jaxb-runtime/2.3.1/jaxb-runtime-2.3.1.jar!/com/sun/xml/bind/v2/ContextFactory.class</message>
</record>
<record>
  <date>2024-03-06T09:38:08.704950Z</date>
  <millis>1709717888704</millis>
  <nanos>950000</nanos>
  <sequence>12</sequence>
  <logger>com.sun.xml.bind.v2.ContextFactory</logger>
  <level>FINE</level>
  <class>com.sun.xml.bind.v2.ContextFactory</class>
  <method>createContext</method>
  <thread>1</thread>
  <message>Property com.sun.xml.bind.XmlAccessorFactoryis not active.  Using JAXB's implementation</message>
</record>
<record>
  <date>2024-03-06T09:38:08.787934Z</date>
  <millis>1709717888787</millis>
  <nanos>934000</nanos>
  <sequence>13</sequence>
  <logger>org.University.Main</logger>
  <level>INFO</level>
  <class>org.University.Main</class>
  <method>main</method>
  <thread>1</thread>
  <message>End program</message>
</record>
</log>
<?xml version="1.0" encoding="UTF-8" standalone="no"?>
<!DOCTYPE log SYSTEM "logger.dtd">
<log>
<record>
  <date>2024-03-06T09:38:20.663469Z</date>
  <millis>1709717900663</millis>
  <nanos>469000</nanos>
  <sequence>0</sequence>
  <logger>org.University.Main</logger>
  <level>INFO</level>
  <class>org.University.Main</class>
  <method>main</method>
  <thread>1</thread>
  <message>Start program</message>
</record>
<record>
  <date>2024-03-06T09:38:21.439278Z</date>
  <millis>1709717901439</millis>
  <nanos>278000</nanos>
  <sequence>1</sequence>
  <logger>org.University.Main</logger>
  <level>INFO</level>
  <class>org.University.UtilStatistics</class>
  <method>getStatistic</method>
  <thread>1</thread>
  <message>[Профиль: Физика, средний балл: 4.54, кол-во студентов: 8, кол-во университетов: 2, названия универов: Московский Выдуманный Университет, Московский Придуманный Институт, Профиль: Медицина, средний балл: 4.33, кол-во студентов: 3, кол-во университетов: 3, названия универов: Московский Государственный Медицинский Университет, Тамбовский Университет Медицины, Самарский Медицинский Институт, Профиль: Лингвистика, средний балл: 0.0, кол-во студентов: 0, кол-во университетов: 1, названия универов: Воронежский Литературно-Переводческий Университет, Профиль: Математика, средний балл: 0.0, кол-во студентов: 0, кол-во университетов: 1, названия универов: Казанский Университет Вычислений]</message>
</record>
<record>
  <date>2024-03-06T09:38:21.573238Z</date>
  <millis>1709717901573</millis>
  <nanos>238000</nanos>
  <sequence>2</sequence>
  <logger>javax.xml.bind</logger>
  <level>FINE</level>
  <class>javax.xml.bind.ContextFinder</class>
  <method>find</method>
  <thread>1</thread>
  <message>Searching jaxb.properties</message>
</record>
<record>
  <date>2024-03-06T09:38:21.573796Z</date>
  <millis>1709717901573</millis>
  <nanos>796000</nanos>
  <sequence>3</sequence>
  <logger>javax.xml.bind</logger>
  <level>FINE</level>
  <class>javax.xml.bind.ContextFinder</class>
  <method>getSystemProperty</method>
  <thread>1</thread>
  <message>Checking system property javax.xml.bind.JAXBContextFactory</message>
</record>
<record>
  <date>2024-03-06T09:38:21.574904Z</date>
  <millis>1709717901574</millis>
  <nanos>904000</nanos>
  <sequence>4</sequence>
  <logger>javax.xml.bind</logger>
  <level>FINE</level>
  <class>javax.xml.bind.ContextFinder</class>
  <method>getSystemProperty</method>
  <thread>1</thread>
  <message>  not found</message>
</record>
<record>
  <date>2024-03-06T09:38:21.575412Z</date>
  <millis>1709717901575</millis>
  <nanos>412000</nanos>
  <sequence>5</sequence>
  <logger>javax.xml.bind</logger>
  <level>FINE</level>
  <class>javax.xml.bind.ContextFinder</class>
  <method>getSystemProperty</method>
  <thread>1</thread>
  <message>Checking system property javax.xml.bind.context.factory</message>
</record>
<record>
  <date>2024-03-06T09:38:21.575967Z</date>
  <millis>1709717901575</millis>
  <nanos>967000</nanos>
  <sequence>6</sequence>
  <logger>javax.xml.bind</logger>
  <level>FINE</level>
  <class>javax.xml.bind.ContextFinder</class>
  <method>getSystemProperty</method>
  <thread>1</thread>
  <message>  not found</message>
</record>
<record>
  <date>2024-03-06T09:38:21.576280Z</date>
  <millis>1709717901576</millis>
  <nanos>280000</nanos>
  <sequence>7</sequence>
  <logger>javax.xml.bind</logger>
  <level>FINE</level>
  <class>javax.xml.bind.ContextFinder</class>
  <method>getSystemProperty</method>
  <thread>1</thread>
  <message>Checking system property javax.xml.bind.JAXBContext</message>
</record>
<record>
  <date>2024-03-06T09:38:21.576540Z</date>
  <millis>1709717901576</millis>
  <nanos>540000</nanos>
  <sequence>8</sequence>
  <logger>javax.xml.bind</logger>
  <level>FINE</level>
  <class>javax.xml.bind.ContextFinder</class>
  <method>getSystemProperty</method>
  <thread>1</thread>
  <message>  not found</message>
</record>
<record>
  <date>2024-03-06T09:38:21.577733Z</date>
  <millis>1709717901577</millis>
  <nanos>733000</nanos>
  <sequence>9</sequence>
  <logger>javax.xml.bind</logger>
  <level>FINE</level>
  <class>javax.xml.bind.ContextFinder</class>
  <method>firstByServiceLoaderDeprecated</method>
  <thread>1</thread>
  <message>Searching META-INF/services</message>
</record>
<record>
  <date>2024-03-06T09:38:21.579342Z</date>
  <millis>1709717901579</millis>
  <nanos>342000</nanos>
  <sequence>10</sequence>
  <logger>javax.xml.bind</logger>
  <level>FINE</level>
  <class>javax.xml.bind.ContextFinder</class>
  <method>firstByServiceLoaderDeprecated</method>
  <thread>1</thread>
  <message>Configured factorty class:com.sun.xml.bind.v2.ContextFactory</message>
</record>
<record>
  <date>2024-03-06T09:38:21.580606Z</date>
  <millis>1709717901580</millis>
  <nanos>606000</nanos>
  <sequence>11</sequence>
  <logger>javax.xml.bind</logger>
  <level>FINE</level>
  <class>javax.xml.bind.ContextFinder</class>
  <method>newInstance</method>
  <thread>1</thread>
  <message>loaded com.sun.xml.bind.v2.ContextFactory from jar:file:/Users/at/.m2/repository/org/glassfish/jaxb/jaxb-runtime/2.3.1/jaxb-runtime-2.3.1.jar!/com/sun/xml/bind/v2/ContextFactory.class</message>
</record>
<record>
  <date>2024-03-06T09:38:21.585037Z</date>
  <millis>1709717901585</millis>
  <nanos>37000</nanos>
  <sequence>12</sequence>
  <logger>com.sun.xml.bind.v2.ContextFactory</logger>
  <level>FINE</level>
  <class>com.sun.xml.bind.v2.ContextFactory</class>
  <method>createContext</method>
  <thread>1</thread>
  <message>Property com.sun.xml.bind.XmlAccessorFactoryis not active.  Using JAXB's implementation</message>
</record>
</log>
<?xml version="1.0" encoding="UTF-8" standalone="no"?>
<!DOCTYPE log SYSTEM "logger.dtd">
<log>
<record>
  <date>2024-03-06T09:43:33.232176Z</date>
  <millis>1709718213232</millis>
  <nanos>176000</nanos>
  <sequence>0</sequence>
  <logger>org.University.Main</logger>
  <level>INFO</level>
  <class>org.University.Main</class>
  <method>main</method>
  <thread>1</thread>
  <message>Start program</message>
</record>
<record>
  <date>2024-03-06T09:43:33.966578Z</date>
  <millis>1709718213966</millis>
  <nanos>578000</nanos>
  <sequence>1</sequence>
  <logger>org.University.Main</logger>
  <level>INFO</level>
  <class>org.University.UtilStatistics</class>
  <method>getStatistic</method>
  <thread>1</thread>
  <message>[Профиль: Физика, средний балл: 4.54, кол-во студентов: 8, кол-во университетов: 2, названия универов: Московский Выдуманный Университет, Московский Придуманный Институт, Профиль: Медицина, средний балл: 4.33, кол-во студентов: 3, кол-во университетов: 3, названия универов: Московский Государственный Медицинский Университет, Тамбовский Университет Медицины, Самарский Медицинский Институт, Профиль: Лингвистика, средний балл: 0.0, кол-во студентов: 0, кол-во университетов: 1, названия универов: Воронежский Литературно-Переводческий Университет, Профиль: Математика, средний балл: 0.0, кол-во студентов: 0, кол-во университетов: 1, названия универов: Казанский Университет Вычислений]</message>
</record>
</log>
